{"C:\\Users\\ellen\\OneDrive\\Skrivbord\\Mosaic\\src\\Interface\\app.tsx": {"path":"C:\\Users\\ellen\\OneDrive\\Skrivbord\\Mosaic\\src\\Interface\\app.tsx","statementMap":{"0":{"start":{"line":1,"column":0},"end":{"line":1,"column":32}},"1":{"start":{"line":2,"column":0},"end":{"line":2,"column":39}},"2":{"start":{"line":3,"column":0},"end":{"line":3,"column":42}},"3":{"start":{"line":4,"column":0},"end":{"line":4,"column":44}},"4":{"start":{"line":5,"column":0},"end":{"line":5,"column":52}},"5":{"start":{"line":6,"column":0},"end":{"line":6,"column":44}},"6":{"start":{"line":7,"column":0},"end":{"line":7,"column":48}},"7":{"start":{"line":9,"column":0},"end":{"line":9,"column":46}},"8":{"start":{"line":12,"column":36},"end":{"line":12,"column":61}},"9":{"start":{"line":14,"column":22},"end":{"line":16,"column":3}},"10":{"start":{"line":15,"column":4},"end":{"line":15,"column":null}},"11":{"start":{"line":18,"column":25},"end":{"line":20,"column":3}},"12":{"start":{"line":22,"column":24},"end":{"line":35,"column":3}},"13":{"start":{"line":23,"column":4},"end":{"line":34,"column":5}},"14":{"start":{"line":25,"column":8},"end":{"line":25,"column":null}},"15":{"start":{"line":27,"column":8},"end":{"line":27,"column":null}},"16":{"start":{"line":29,"column":8},"end":{"line":29,"column":null}},"17":{"start":{"line":31,"column":8},"end":{"line":31,"column":null}},"18":{"start":{"line":33,"column":8},"end":{"line":33,"column":null}},"19":{"start":{"line":37,"column":2},"end":{"line":74,"column":null}},"20":{"start":{"line":77,"column":0},"end":{"line":77,"column":null}}},"fnMap":{"0":{"name":"App","decl":{"start":{"line":11,"column":9},"end":{"line":11,"column":12}},"loc":{"start":{"line":11,"column":12},"end":{"line":75,"column":1}}},"1":{"name":"(anonymous_2)","decl":{"start":{"line":14,"column":22},"end":{"line":14,"column":25}},"loc":{"start":{"line":14,"column":27},"end":{"line":16,"column":3}}},"2":{"name":"(anonymous_3)","decl":{"start":{"line":18,"column":25},"end":{"line":18,"column":28}},"loc":{"start":{"line":18,"column":30},"end":{"line":20,"column":3}}},"3":{"name":"(anonymous_4)","decl":{"start":{"line":22,"column":24},"end":{"line":22,"column":27}},"loc":{"start":{"line":22,"column":29},"end":{"line":35,"column":3}}}},"branchMap":{"0":{"loc":{"start":{"line":23,"column":4},"end":{"line":34,"column":5}},"type":"switch","locations":[{"start":{"line":24,"column":6},"end":{"line":25,"column":null}},{"start":{"line":26,"column":6},"end":{"line":27,"column":null}},{"start":{"line":28,"column":6},"end":{"line":29,"column":null}},{"start":{"line":30,"column":6},"end":{"line":31,"column":null}},{"start":{"line":32,"column":6},"end":{"line":33,"column":null}}]}},"s":{"0":1,"1":1,"2":1,"3":1,"4":1,"5":1,"6":1,"7":1,"8":2,"9":2,"10":0,"11":2,"12":2,"13":2,"14":2,"15":0,"16":0,"17":0,"18":0,"19":2,"20":1},"f":{"0":2,"1":0,"2":0,"3":2},"b":{"0":[2,0,0,0,0]}}
,"C:\\Users\\ellen\\OneDrive\\Skrivbord\\Mosaic\\src\\Interface\\main.tsx": {"path":"C:\\Users\\ellen\\OneDrive\\Skrivbord\\Mosaic\\src\\Interface\\main.tsx","statementMap":{"0":{"start":{"line":1,"column":0},"end":{"line":1,"column":25}},"1":{"start":{"line":2,"column":0},"end":{"line":2,"column":39}},"2":{"start":{"line":3,"column":0},"end":{"line":3,"column":23}},"3":{"start":{"line":4,"column":0},"end":{"line":4,"column":31}},"4":{"start":{"line":6,"column":0},"end":{"line":10,"column":null}}},"fnMap":{},"branchMap":{},"s":{"0":0,"1":0,"2":0,"3":0,"4":0},"f":{},"b":{}}
,"C:\\Users\\ellen\\OneDrive\\Skrivbord\\Mosaic\\src\\Interface\\tasksContext.tsx": {"path":"C:\\Users\\ellen\\OneDrive\\Skrivbord\\Mosaic\\src\\Interface\\tasksContext.tsx","statementMap":{"0":{"start":{"line":25,"column":0},"end":{"line":25,"column":16}},"1":{"start":{"line":94,"column":0},"end":{"line":94,"column":16}},"2":{"start":{"line":1,"column":0},"end":{"line":1,"column":79}},"3":{"start":{"line":23,"column":21},"end":{"line":23,"column":75}},"4":{"start":{"line":26,"column":28},"end":{"line":59,"column":4}},"5":{"start":{"line":61,"column":18},"end":{"line":69,"column":8}},"6":{"start":{"line":62,"column":26},"end":{"line":67,"column":null}},"7":{"start":{"line":68,"column":4},"end":{"line":68,"column":null}},"8":{"start":{"line":68,"column":21},"end":{"line":68,"column":39}},"9":{"start":{"line":71,"column":21},"end":{"line":75,"column":8}},"10":{"start":{"line":72,"column":4},"end":{"line":74,"column":null}},"11":{"start":{"line":72,"column":21},"end":{"line":73,"column":null}},"12":{"start":{"line":73,"column":6},"end":{"line":73,"column":76}},"13":{"start":{"line":77,"column":21},"end":{"line":79,"column":8}},"14":{"start":{"line":78,"column":4},"end":{"line":78,"column":null}},"15":{"start":{"line":78,"column":21},"end":{"line":78,"column":56}},"16":{"start":{"line":78,"column":41},"end":{"line":78,"column":55}},"17":{"start":{"line":81,"column":29},"end":{"line":85,"column":8}},"18":{"start":{"line":82,"column":4},"end":{"line":84,"column":null}},"19":{"start":{"line":82,"column":21},"end":{"line":83,"column":null}},"20":{"start":{"line":83,"column":6},"end":{"line":83,"column":92}},"21":{"start":{"line":87,"column":2},"end":{"line":91,"column":null}},"22":{"start":{"line":95,"column":18},"end":{"line":95,"column":42}},"23":{"start":{"line":96,"column":2},"end":{"line":98,"column":3}},"24":{"start":{"line":97,"column":4},"end":{"line":97,"column":null}},"25":{"start":{"line":99,"column":2},"end":{"line":99,"column":null}}},"fnMap":{"0":{"name":"TasksProvider","decl":{"start":{"line":25,"column":16},"end":{"line":25,"column":29}},"loc":{"start":{"line":25,"column":73},"end":{"line":92,"column":1}}},"1":{"name":"(anonymous_10)","decl":{"start":{"line":61,"column":30},"end":{"line":61,"column":31}},"loc":{"start":{"line":61,"column":85},"end":{"line":69,"column":3}}},"2":{"name":"(anonymous_11)","decl":{"start":{"line":68,"column":13},"end":{"line":68,"column":17}},"loc":{"start":{"line":68,"column":21},"end":{"line":68,"column":39}}},"3":{"name":"(anonymous_12)","decl":{"start":{"line":71,"column":33},"end":{"line":71,"column":34}},"loc":{"start":{"line":71,"column":72},"end":{"line":75,"column":3}}},"4":{"name":"(anonymous_13)","decl":{"start":{"line":72,"column":13},"end":{"line":72,"column":17}},"loc":{"start":{"line":72,"column":21},"end":{"line":73,"column":null}}},"5":{"name":"(anonymous_14)","decl":{"start":{"line":72,"column":30},"end":{"line":72,"column":34}},"loc":{"start":{"line":73,"column":6},"end":{"line":73,"column":76}}},"6":{"name":"(anonymous_15)","decl":{"start":{"line":77,"column":33},"end":{"line":77,"column":34}},"loc":{"start":{"line":77,"column":48},"end":{"line":79,"column":3}}},"7":{"name":"(anonymous_16)","decl":{"start":{"line":78,"column":13},"end":{"line":78,"column":17}},"loc":{"start":{"line":78,"column":21},"end":{"line":78,"column":56}}},"8":{"name":"(anonymous_17)","decl":{"start":{"line":78,"column":33},"end":{"line":78,"column":37}},"loc":{"start":{"line":78,"column":41},"end":{"line":78,"column":55}}},"9":{"name":"(anonymous_18)","decl":{"start":{"line":81,"column":41},"end":{"line":81,"column":42}},"loc":{"start":{"line":81,"column":56},"end":{"line":85,"column":3}}},"10":{"name":"(anonymous_19)","decl":{"start":{"line":82,"column":13},"end":{"line":82,"column":17}},"loc":{"start":{"line":82,"column":21},"end":{"line":83,"column":null}}},"11":{"name":"(anonymous_20)","decl":{"start":{"line":82,"column":30},"end":{"line":82,"column":34}},"loc":{"start":{"line":83,"column":6},"end":{"line":83,"column":92}}},"12":{"name":"useTasks","decl":{"start":{"line":94,"column":16},"end":{"line":94,"column":24}},"loc":{"start":{"line":94,"column":24},"end":{"line":100,"column":1}}}},"branchMap":{"0":{"loc":{"start":{"line":73,"column":6},"end":{"line":73,"column":76}},"type":"cond-expr","locations":[{"start":{"line":73,"column":23},"end":{"line":73,"column":69}},{"start":{"line":73,"column":72},"end":{"line":73,"column":76}}]},"1":{"loc":{"start":{"line":83,"column":6},"end":{"line":83,"column":92}},"type":"cond-expr","locations":[{"start":{"line":83,"column":23},"end":{"line":83,"column":85}},{"start":{"line":83,"column":88},"end":{"line":83,"column":92}}]},"2":{"loc":{"start":{"line":96,"column":2},"end":{"line":98,"column":3}},"type":"if","locations":[{"start":{"line":96,"column":2},"end":{"line":98,"column":3}}]}},"s":{"0":4,"1":4,"2":4,"3":4,"4":30,"5":30,"6":5,"7":5,"8":5,"9":30,"10":1,"11":1,"12":3,"13":30,"14":2,"15":2,"16":6,"17":30,"18":2,"19":2,"20":6,"21":30,"22":44,"23":44,"24":4,"25":40},"f":{"0":30,"1":5,"2":5,"3":1,"4":1,"5":3,"6":2,"7":2,"8":6,"9":2,"10":2,"11":6,"12":44},"b":{"0":[1,2],"1":[2,4],"2":[4]}}
,"C:\\Users\\ellen\\OneDrive\\Skrivbord\\Mosaic\\src\\Interface\\Components\\calendar.tsx": {"path":"C:\\Users\\ellen\\OneDrive\\Skrivbord\\Mosaic\\src\\Interface\\Components\\calendar.tsx","statementMap":{"0":{"start":{"line":31,"column":0},"end":{"line":31,"column":24}},"1":{"start":{"line":1,"column":0},"end":{"line":1,"column":45}},"2":{"start":{"line":2,"column":0},"end":{"line":2,"column":84}},"3":{"start":{"line":3,"column":0},"end":{"line":3,"column":61}},"4":{"start":{"line":4,"column":0},"end":{"line":4,"column":36}},"5":{"start":{"line":5,"column":0},"end":{"line":5,"column":58}},"6":{"start":{"line":6,"column":0},"end":{"line":6,"column":34}},"7":{"start":{"line":7,"column":0},"end":{"line":7,"column":42}},"8":{"start":{"line":10,"column":16},"end":{"line":12,"column":null}},"9":{"start":{"line":14,"column":18},"end":{"line":20,"column":2}},"10":{"start":{"line":32,"column":41},"end":{"line":32,"column":51}},"11":{"start":{"line":34,"column":26},"end":{"line":34,"column":49}},"12":{"start":{"line":35,"column":26},"end":{"line":35,"column":46}},"13":{"start":{"line":38,"column":34},"end":{"line":49,"column":7}},"14":{"start":{"line":39,"column":20},"end":{"line":39,"column":32}},"15":{"start":{"line":40,"column":18},"end":{"line":49,"column":6}},"16":{"start":{"line":51,"column":27},"end":{"line":64,"column":null}},"17":{"start":{"line":53,"column":20},"end":{"line":53,"column":51}},"18":{"start":{"line":54,"column":6},"end":{"line":62,"column":7}},"19":{"start":{"line":55,"column":8},"end":{"line":61,"column":null}},"20":{"start":{"line":67,"column":28},"end":{"line":79,"column":25}},"21":{"start":{"line":68,"column":17},"end":{"line":68,"column":51}},"22":{"start":{"line":68,"column":33},"end":{"line":68,"column":50}},"23":{"start":{"line":69,"column":4},"end":{"line":69,"column":21}},"24":{"start":{"line":69,"column":15},"end":{"line":69,"column":21}},"25":{"start":{"line":71,"column":20},"end":{"line":73,"column":46}},"26":{"start":{"line":75,"column":25},"end":{"line":75,"column":48}},"27":{"start":{"line":76,"column":4},"end":{"line":78,"column":5}},"28":{"start":{"line":77,"column":6},"end":{"line":77,"column":null}},"29":{"start":{"line":82,"column":27},"end":{"line":96,"column":3}},"30":{"start":{"line":83,"column":17},"end":{"line":83,"column":51}},"31":{"start":{"line":83,"column":33},"end":{"line":83,"column":50}},"32":{"start":{"line":84,"column":18},"end":{"line":94,"column":null}},"33":{"start":{"line":95,"column":4},"end":{"line":95,"column":null}},"34":{"start":{"line":98,"column":2},"end":{"line":128,"column":null}},"35":{"start":{"line":105,"column":29},"end":{"line":105,"column":38}}},"fnMap":{"0":{"name":"Calendar","decl":{"start":{"line":31,"column":24},"end":{"line":31,"column":32}},"loc":{"start":{"line":31,"column":32},"end":{"line":129,"column":1}}},"1":{"name":"(anonymous_1)","decl":{"start":{"line":39,"column":12},"end":{"line":39,"column":16}},"loc":{"start":{"line":39,"column":20},"end":{"line":39,"column":32}}},"2":{"name":"(anonymous_2)","decl":{"start":{"line":40,"column":9},"end":{"line":40,"column":13}},"loc":{"start":{"line":40,"column":18},"end":{"line":49,"column":6}}},"3":{"name":"(anonymous_3)","decl":{"start":{"line":52,"column":4},"end":{"line":52,"column":5}},"loc":{"start":{"line":52,"column":51},"end":{"line":63,"column":5}}},"4":{"name":"(anonymous_4)","decl":{"start":{"line":67,"column":40},"end":{"line":67,"column":41}},"loc":{"start":{"line":67,"column":65},"end":{"line":79,"column":3}}},"5":{"name":"(anonymous_5)","decl":{"start":{"line":68,"column":28},"end":{"line":68,"column":29}},"loc":{"start":{"line":68,"column":33},"end":{"line":68,"column":50}}},"6":{"name":"(anonymous_6)","decl":{"start":{"line":82,"column":27},"end":{"line":82,"column":28}},"loc":{"start":{"line":82,"column":52},"end":{"line":96,"column":3}}},"7":{"name":"(anonymous_7)","decl":{"start":{"line":83,"column":28},"end":{"line":83,"column":29}},"loc":{"start":{"line":83,"column":33},"end":{"line":83,"column":50}}},"8":{"name":"(anonymous_8)","decl":{"start":{"line":105,"column":24},"end":{"line":105,"column":25}},"loc":{"start":{"line":105,"column":29},"end":{"line":105,"column":38}}}},"branchMap":{"0":{"loc":{"start":{"line":46,"column":13},"end":{"line":48,"column":63}},"type":"cond-expr","locations":[{"start":{"line":46,"column":42},"end":{"line":46,"column":51}},{"start":{"line":47,"column":13},"end":{"line":48,"column":63}}]},"1":{"loc":{"start":{"line":47,"column":13},"end":{"line":48,"column":63}},"type":"cond-expr","locations":[{"start":{"line":47,"column":40},"end":{"line":47,"column":49}},{"start":{"line":48,"column":13},"end":{"line":48,"column":63}}]},"2":{"loc":{"start":{"line":48,"column":13},"end":{"line":48,"column":63}},"type":"cond-expr","locations":[{"start":{"line":48,"column":42},"end":{"line":48,"column":51}},{"start":{"line":48,"column":54},"end":{"line":48,"column":63}}]},"3":{"loc":{"start":{"line":54,"column":6},"end":{"line":62,"column":7}},"type":"if","locations":[{"start":{"line":54,"column":6},"end":{"line":62,"column":7}}]},"4":{"loc":{"start":{"line":69,"column":4},"end":{"line":69,"column":21}},"type":"if","locations":[{"start":{"line":69,"column":4},"end":{"line":69,"column":21}}]},"5":{"loc":{"start":{"line":71,"column":20},"end":{"line":73,"column":46}},"type":"cond-expr","locations":[{"start":{"line":72,"column":8},"end":{"line":72,"column":69}},{"start":{"line":73,"column":8},"end":{"line":73,"column":46}}]},"6":{"loc":{"start":{"line":76,"column":4},"end":{"line":78,"column":5}},"type":"if","locations":[{"start":{"line":76,"column":4},"end":{"line":78,"column":5}}]},"7":{"loc":{"start":{"line":85,"column":23},"end":{"line":85,"column":47}},"type":"binary-expr","locations":[{"start":{"line":85,"column":23},"end":{"line":85,"column":34}},{"start":{"line":85,"column":38},"end":{"line":85,"column":47}}]},"8":{"loc":{"start":{"line":87,"column":15},"end":{"line":87,"column":42}},"type":"cond-expr","locations":[{"start":{"line":87,"column":33},"end":{"line":87,"column":36}},{"start":{"line":87,"column":39},"end":{"line":87,"column":42}}]},"9":{"loc":{"start":{"line":93,"column":22},"end":{"line":93,"column":63}},"type":"cond-expr","locations":[{"start":{"line":93,"column":40},"end":{"line":93,"column":54}},{"start":{"line":93,"column":57},"end":{"line":93,"column":63}}]}},"s":{"0":2,"1":2,"2":2,"3":2,"4":2,"5":2,"6":2,"7":2,"8":2,"9":2,"10":3,"11":3,"12":3,"13":3,"14":9,"15":6,"16":3,"17":0,"18":0,"19":0,"20":3,"21":0,"22":0,"23":0,"24":0,"25":0,"26":0,"27":0,"28":0,"29":3,"30":0,"31":0,"32":0,"33":0,"34":3,"35":9},"f":{"0":3,"1":9,"2":6,"3":0,"4":0,"5":0,"6":0,"7":0,"8":9},"b":{"0":[6,0],"1":[0,0],"2":[0,0],"3":[0],"4":[0],"5":[0,0],"6":[0],"7":[0,0],"8":[0,0],"9":[0,0]}}
,"C:\\Users\\ellen\\OneDrive\\Skrivbord\\Mosaic\\src\\Interface\\Components\\memoryBank.tsx": {"path":"C:\\Users\\ellen\\OneDrive\\Skrivbord\\Mosaic\\src\\Interface\\Components\\memoryBank.tsx","statementMap":{"0":{"start":{"line":14,"column":0},"end":{"line":14,"column":24}},"1":{"start":{"line":1,"column":0},"end":{"line":1,"column":64}},"2":{"start":{"line":2,"column":0},"end":{"line":2,"column":69}},"3":{"start":{"line":3,"column":0},"end":{"line":3,"column":66}},"4":{"start":{"line":4,"column":0},"end":{"line":4,"column":33}},"5":{"start":{"line":15,"column":34},"end":{"line":30,"column":4}},"6":{"start":{"line":32,"column":50},"end":{"line":32,"column":62}},"7":{"start":{"line":33,"column":40},"end":{"line":33,"column":52}},"8":{"start":{"line":35,"column":104},"end":{"line":35,"column":125}},"9":{"start":{"line":36,"column":26},"end":{"line":36,"column":39}},"10":{"start":{"line":37,"column":29},"end":{"line":37,"column":64}},"11":{"start":{"line":38,"column":22},"end":{"line":38,"column":55}},"12":{"start":{"line":40,"column":26},"end":{"line":60,"column":24}},"13":{"start":{"line":41,"column":26},"end":{"line":41,"column":53}},"14":{"start":{"line":42,"column":4},"end":{"line":42,"column":37}},"15":{"start":{"line":42,"column":31},"end":{"line":42,"column":37}},"16":{"start":{"line":44,"column":30},"end":{"line":50,"column":null}},"17":{"start":{"line":52,"column":4},"end":{"line":52,"column":null}},"18":{"start":{"line":53,"column":4},"end":{"line":53,"column":null}},"19":{"start":{"line":53,"column":24},"end":{"line":53,"column":44}},"20":{"start":{"line":54,"column":4},"end":{"line":54,"column":null}},"21":{"start":{"line":57,"column":4},"end":{"line":59,"column":5}},"22":{"start":{"line":58,"column":6},"end":{"line":58,"column":null}},"23":{"start":{"line":63,"column":2},"end":{"line":84,"column":null}},"24":{"start":{"line":64,"column":4},"end":{"line":77,"column":5}},"25":{"start":{"line":65,"column":6},"end":{"line":65,"column":null}},"26":{"start":{"line":67,"column":6},"end":{"line":69,"column":7}},"27":{"start":{"line":68,"column":8},"end":{"line":68,"column":null}},"28":{"start":{"line":71,"column":6},"end":{"line":76,"column":null}},"29":{"start":{"line":72,"column":8},"end":{"line":75,"column":9}},"30":{"start":{"line":73,"column":10},"end":{"line":73,"column":null}},"31":{"start":{"line":74,"column":10},"end":{"line":74,"column":null}},"32":{"start":{"line":79,"column":4},"end":{"line":83,"column":null}},"33":{"start":{"line":80,"column":6},"end":{"line":82,"column":7}},"34":{"start":{"line":81,"column":8},"end":{"line":81,"column":null}},"35":{"start":{"line":87,"column":2},"end":{"line":104,"column":null}},"36":{"start":{"line":88,"column":4},"end":{"line":101,"column":5}},"37":{"start":{"line":89,"column":6},"end":{"line":89,"column":null}},"38":{"start":{"line":91,"column":17},"end":{"line":91,"column":34}},"39":{"start":{"line":93,"column":6},"end":{"line":100,"column":7}},"40":{"start":{"line":95,"column":8},"end":{"line":95,"column":null}},"41":{"start":{"line":96,"column":8},"end":{"line":96,"column":null}},"42":{"start":{"line":97,"column":8},"end":{"line":97,"column":null}},"43":{"start":{"line":99,"column":8},"end":{"line":99,"column":null}},"44":{"start":{"line":99,"column":25},"end":{"line":99,"column":42}},"45":{"start":{"line":103,"column":4},"end":{"line":103,"column":null}},"46":{"start":{"line":106,"column":26},"end":{"line":110,"column":3}},"47":{"start":{"line":107,"column":4},"end":{"line":109,"column":null}},"48":{"start":{"line":108,"column":6},"end":{"line":108,"column":94}},"49":{"start":{"line":112,"column":29},"end":{"line":114,"column":3}},"50":{"start":{"line":113,"column":4},"end":{"line":113,"column":null}},"51":{"start":{"line":113,"column":42},"end":{"line":113,"column":58}},"52":{"start":{"line":117,"column":31},"end":{"line":121,"column":3}},"53":{"start":{"line":118,"column":4},"end":{"line":118,"column":null}},"54":{"start":{"line":119,"column":4},"end":{"line":119,"column":null}},"55":{"start":{"line":120,"column":4},"end":{"line":120,"column":null}},"56":{"start":{"line":124,"column":27},"end":{"line":139,"column":6}},"57":{"start":{"line":127,"column":6},"end":{"line":129,"column":7}},"58":{"start":{"line":128,"column":8},"end":{"line":128,"column":null}},"59":{"start":{"line":131,"column":6},"end":{"line":131,"column":null}},"60":{"start":{"line":135,"column":6},"end":{"line":135,"column":null}},"61":{"start":{"line":135,"column":33},"end":{"line":135,"column":null}},"62":{"start":{"line":136,"column":6},"end":{"line":136,"column":null}},"63":{"start":{"line":136,"column":33},"end":{"line":136,"column":null}},"64":{"start":{"line":138,"column":6},"end":{"line":138,"column":null}},"65":{"start":{"line":141,"column":22},"end":{"line":141,"column":59}},"66":{"start":{"line":141,"column":43},"end":{"line":141,"column":51}},"67":{"start":{"line":142,"column":21},"end":{"line":142,"column":36}},"68":{"start":{"line":144,"column":2},"end":{"line":314,"column":null}},"69":{"start":{"line":168,"column":27},"end":{"line":168,"column":57}},"70":{"start":{"line":185,"column":12},"end":{"line":188,"column":13}},"71":{"start":{"line":186,"column":14},"end":{"line":186,"column":null}},"72":{"start":{"line":187,"column":14},"end":{"line":187,"column":null}},"73":{"start":{"line":217,"column":27},"end":{"line":217,"column":44}},"74":{"start":{"line":260,"column":12},"end":{"line":309,"column":null}},"75":{"start":{"line":288,"column":37},"end":{"line":288,"column":63}},"76":{"start":{"line":300,"column":37},"end":{"line":300,"column":66}}},"fnMap":{"0":{"name":"MemoryBank","decl":{"start":{"line":14,"column":24},"end":{"line":14,"column":34}},"loc":{"start":{"line":14,"column":34},"end":{"line":315,"column":1}}},"1":{"name":"(anonymous_1)","decl":{"start":{"line":40,"column":38},"end":{"line":40,"column":39}},"loc":{"start":{"line":40,"column":59},"end":{"line":60,"column":3}}},"2":{"name":"(anonymous_2)","decl":{"start":{"line":53,"column":16},"end":{"line":53,"column":20}},"loc":{"start":{"line":53,"column":24},"end":{"line":53,"column":44}}},"3":{"name":"(anonymous_3)","decl":{"start":{"line":63,"column":12},"end":{"line":63,"column":15}},"loc":{"start":{"line":63,"column":17},"end":{"line":84,"column":3}}},"4":{"name":"(anonymous_4)","decl":{"start":{"line":71,"column":46},"end":{"line":71,"column":49}},"loc":{"start":{"line":71,"column":51},"end":{"line":76,"column":7}}},"5":{"name":"(anonymous_5)","decl":{"start":{"line":79,"column":11},"end":{"line":79,"column":14}},"loc":{"start":{"line":79,"column":16},"end":{"line":83,"column":5}}},"6":{"name":"(anonymous_6)","decl":{"start":{"line":87,"column":12},"end":{"line":87,"column":15}},"loc":{"start":{"line":87,"column":17},"end":{"line":104,"column":3}}},"7":{"name":"(anonymous_7)","decl":{"start":{"line":99,"column":19},"end":{"line":99,"column":22}},"loc":{"start":{"line":99,"column":25},"end":{"line":99,"column":42}}},"8":{"name":"(anonymous_8)","decl":{"start":{"line":106,"column":26},"end":{"line":106,"column":27}},"loc":{"start":{"line":106,"column":41},"end":{"line":110,"column":3}}},"9":{"name":"(anonymous_9)","decl":{"start":{"line":107,"column":29},"end":{"line":107,"column":35}},"loc":{"start":{"line":108,"column":6},"end":{"line":108,"column":94}}},"10":{"name":"(anonymous_10)","decl":{"start":{"line":112,"column":29},"end":{"line":112,"column":30}},"loc":{"start":{"line":112,"column":44},"end":{"line":114,"column":3}}},"11":{"name":"(anonymous_11)","decl":{"start":{"line":113,"column":32},"end":{"line":113,"column":38}},"loc":{"start":{"line":113,"column":42},"end":{"line":113,"column":58}}},"12":{"name":"(anonymous_12)","decl":{"start":{"line":117,"column":31},"end":{"line":117,"column":32}},"loc":{"start":{"line":117,"column":77},"end":{"line":121,"column":3}}},"13":{"name":"(anonymous_13)","decl":{"start":{"line":125,"column":12},"end":{"line":125,"column":18}},"loc":{"start":{"line":125,"column":21},"end":{"line":132,"column":5}}},"14":{"name":"(anonymous_14)","decl":{"start":{"line":133,"column":10},"end":{"line":133,"column":11}},"loc":{"start":{"line":133,"column":19},"end":{"line":139,"column":5}}},"15":{"name":"(anonymous_15)","decl":{"start":{"line":141,"column":38},"end":{"line":141,"column":39}},"loc":{"start":{"line":141,"column":43},"end":{"line":141,"column":51}}},"16":{"name":"(anonymous_16)","decl":{"start":{"line":168,"column":20},"end":{"line":168,"column":21}},"loc":{"start":{"line":168,"column":27},"end":{"line":168,"column":57}}},"17":{"name":"(anonymous_17)","decl":{"start":{"line":184,"column":22},"end":{"line":184,"column":23}},"loc":{"start":{"line":184,"column":28},"end":{"line":189,"column":11}}},"18":{"name":"(anonymous_18)","decl":{"start":{"line":217,"column":21},"end":{"line":217,"column":24}},"loc":{"start":{"line":217,"column":27},"end":{"line":217,"column":44}}},"19":{"name":"(anonymous_19)","decl":{"start":{"line":259,"column":31},"end":{"line":259,"column":32}},"loc":{"start":{"line":259,"column":42},"end":{"line":310,"column":11}}},"20":{"name":"(anonymous_20)","decl":{"start":{"line":288,"column":31},"end":{"line":288,"column":34}},"loc":{"start":{"line":288,"column":37},"end":{"line":288,"column":63}}},"21":{"name":"(anonymous_21)","decl":{"start":{"line":300,"column":31},"end":{"line":300,"column":34}},"loc":{"start":{"line":300,"column":37},"end":{"line":300,"column":66}}}},"branchMap":{"0":{"loc":{"start":{"line":41,"column":26},"end":{"line":41,"column":53}},"type":"binary-expr","locations":[{"start":{"line":41,"column":26},"end":{"line":41,"column":33}},{"start":{"line":41,"column":37},"end":{"line":41,"column":53}}]},"1":{"loc":{"start":{"line":42,"column":4},"end":{"line":42,"column":37}},"type":"if","locations":[{"start":{"line":42,"column":4},"end":{"line":42,"column":37}}]},"2":{"loc":{"start":{"line":57,"column":4},"end":{"line":59,"column":5}},"type":"if","locations":[{"start":{"line":57,"column":4},"end":{"line":59,"column":5}}]},"3":{"loc":{"start":{"line":64,"column":4},"end":{"line":77,"column":5}},"type":"if","locations":[{"start":{"line":64,"column":4},"end":{"line":77,"column":5}}]},"4":{"loc":{"start":{"line":64,"column":8},"end":{"line":64,"column":33}},"type":"binary-expr","locations":[{"start":{"line":64,"column":8},"end":{"line":64,"column":19}},{"start":{"line":64,"column":23},"end":{"line":64,"column":33}}]},"5":{"loc":{"start":{"line":67,"column":6},"end":{"line":69,"column":7}},"type":"if","locations":[{"start":{"line":67,"column":6},"end":{"line":69,"column":7}}]},"6":{"loc":{"start":{"line":72,"column":8},"end":{"line":75,"column":9}},"type":"if","locations":[{"start":{"line":72,"column":8},"end":{"line":75,"column":9}}]},"7":{"loc":{"start":{"line":80,"column":6},"end":{"line":82,"column":7}},"type":"if","locations":[{"start":{"line":80,"column":6},"end":{"line":82,"column":7}}]},"8":{"loc":{"start":{"line":88,"column":4},"end":{"line":101,"column":5}},"type":"if","locations":[{"start":{"line":88,"column":4},"end":{"line":101,"column":5}}]},"9":{"loc":{"start":{"line":88,"column":8},"end":{"line":88,"column":61}},"type":"binary-expr","locations":[{"start":{"line":88,"column":8},"end":{"line":88,"column":31}},{"start":{"line":88,"column":35},"end":{"line":88,"column":47}},{"start":{"line":88,"column":51},"end":{"line":88,"column":61}}]},"10":{"loc":{"start":{"line":93,"column":6},"end":{"line":100,"column":7}},"type":"if","locations":[{"start":{"line":93,"column":6},"end":{"line":100,"column":7}}]},"11":{"loc":{"start":{"line":108,"column":6},"end":{"line":108,"column":94}},"type":"cond-expr","locations":[{"start":{"line":108,"column":25},"end":{"line":108,"column":85}},{"start":{"line":108,"column":88},"end":{"line":108,"column":94}}]},"12":{"loc":{"start":{"line":127,"column":6},"end":{"line":129,"column":7}},"type":"if","locations":[{"start":{"line":127,"column":6},"end":{"line":129,"column":7}}]},"13":{"loc":{"start":{"line":127,"column":10},"end":{"line":127,"column":90}},"type":"binary-expr","locations":[{"start":{"line":127,"column":10},"end":{"line":127,"column":21}},{"start":{"line":127,"column":25},"end":{"line":127,"column":90}}]},"14":{"loc":{"start":{"line":135,"column":6},"end":{"line":135,"column":null}},"type":"if","locations":[{"start":{"line":135,"column":6},"end":{"line":135,"column":null}}]},"15":{"loc":{"start":{"line":135,"column":10},"end":{"line":135,"column":31}},"type":"binary-expr","locations":[{"start":{"line":135,"column":10},"end":{"line":135,"column":18}},{"start":{"line":135,"column":22},"end":{"line":135,"column":31}}]},"16":{"loc":{"start":{"line":136,"column":6},"end":{"line":136,"column":null}},"type":"if","locations":[{"start":{"line":136,"column":6},"end":{"line":136,"column":null}}]},"17":{"loc":{"start":{"line":136,"column":10},"end":{"line":136,"column":31}},"type":"binary-expr","locations":[{"start":{"line":136,"column":10},"end":{"line":136,"column":19}},{"start":{"line":136,"column":23},"end":{"line":136,"column":31}}]},"18":{"loc":{"start":{"line":153,"column":11},"end":{"line":157,"column":null}},"type":"binary-expr","locations":[{"start":{"line":153,"column":11},"end":{"line":153,"column":26}},{"start":{"line":154,"column":12},"end":{"line":156,"column":null}}]},"19":{"loc":{"start":{"line":185,"column":12},"end":{"line":188,"column":13}},"type":"if","locations":[{"start":{"line":185,"column":12},"end":{"line":188,"column":13}}]},"20":{"loc":{"start":{"line":185,"column":16},"end":{"line":185,"column":48}},"type":"binary-expr","locations":[{"start":{"line":185,"column":16},"end":{"line":185,"column":33}},{"start":{"line":185,"column":37},"end":{"line":185,"column":48}}]},"21":{"loc":{"start":{"line":190,"column":23},"end":{"line":190,"column":80}},"type":"cond-expr","locations":[{"start":{"line":190,"column":37},"end":{"line":190,"column":51}},{"start":{"line":190,"column":54},"end":{"line":190,"column":80}}]},"22":{"loc":{"start":{"line":198,"column":11},"end":{"line":213,"column":null}},"type":"binary-expr","locations":[{"start":{"line":198,"column":11},"end":{"line":198,"column":20}},{"start":{"line":199,"column":12},"end":{"line":212,"column":null}}]},"23":{"loc":{"start":{"line":203,"column":16},"end":{"line":205,"column":null}},"type":"cond-expr","locations":[{"start":{"line":204,"column":20},"end":{"line":204,"column":65}},{"start":{"line":205,"column":20},"end":{"line":205,"column":null}}]},"24":{"loc":{"start":{"line":207,"column":21},"end":{"line":207,"column":65}},"type":"cond-expr","locations":[{"start":{"line":207,"column":35},"end":{"line":207,"column":49}},{"start":{"line":207,"column":52},"end":{"line":207,"column":65}}]},"25":{"loc":{"start":{"line":209,"column":15},"end":{"line":209,"column":111}},"type":"cond-expr","locations":[{"start":{"line":209,"column":29},"end":{"line":209,"column":70}},{"start":{"line":209,"column":73},"end":{"line":209,"column":111}}]},"26":{"loc":{"start":{"line":211,"column":17},"end":{"line":211,"column":55}},"type":"cond-expr","locations":[{"start":{"line":211,"column":31},"end":{"line":211,"column":45}},{"start":{"line":211,"column":48},"end":{"line":211,"column":55}}]},"27":{"loc":{"start":{"line":228,"column":9},"end":{"line":231,"column":null}},"type":"binary-expr","locations":[{"start":{"line":228,"column":9},"end":{"line":228,"column":20}},{"start":{"line":229,"column":10},"end":{"line":229,"column":null}}]},"28":{"loc":{"start":{"line":234,"column":9},"end":{"line":237,"column":null}},"type":"binary-expr","locations":[{"start":{"line":234,"column":9},"end":{"line":234,"column":19}},{"start":{"line":235,"column":10},"end":{"line":236,"column":null}}]},"29":{"loc":{"start":{"line":240,"column":9},"end":{"line":243,"column":null}},"type":"binary-expr","locations":[{"start":{"line":240,"column":9},"end":{"line":240,"column":14}},{"start":{"line":241,"column":10},"end":{"line":242,"column":null}}]},"30":{"loc":{"start":{"line":249,"column":9},"end":{"line":310,"column":null}},"type":"cond-expr","locations":[{"start":{"line":250,"column":10},"end":{"line":256,"column":null}},{"start":{"line":259,"column":10},"end":{"line":310,"column":12}}]},"31":{"loc":{"start":{"line":252,"column":15},"end":{"line":252,"column":78}},"type":"cond-expr","locations":[{"start":{"line":252,"column":29},"end":{"line":252,"column":48}},{"start":{"line":252,"column":51},"end":{"line":252,"column":78}}]},"32":{"loc":{"start":{"line":255,"column":15},"end":{"line":255,"column":85}},"type":"cond-expr","locations":[{"start":{"line":255,"column":29},"end":{"line":255,"column":53}},{"start":{"line":255,"column":56},"end":{"line":255,"column":85}}]},"33":{"loc":{"start":{"line":264,"column":18},"end":{"line":264,"column":null}},"type":"cond-expr","locations":[{"start":{"line":264,"column":34},"end":{"line":264,"column":58}},{"start":{"line":264,"column":61},"end":{"line":264,"column":null}}]},"34":{"loc":{"start":{"line":276,"column":23},"end":{"line":280,"column":null}},"type":"binary-expr","locations":[{"start":{"line":276,"column":23},"end":{"line":276,"column":36}},{"start":{"line":277,"column":24},"end":{"line":279,"column":null}}]},"35":{"loc":{"start":{"line":290,"column":24},"end":{"line":292,"column":null}},"type":"cond-expr","locations":[{"start":{"line":291,"column":28},"end":{"line":291,"column":78}},{"start":{"line":292,"column":28},"end":{"line":292,"column":null}}]},"36":{"loc":{"start":{"line":294,"column":29},"end":{"line":294,"column":60}},"type":"cond-expr","locations":[{"start":{"line":294,"column":45},"end":{"line":294,"column":52}},{"start":{"line":294,"column":55},"end":{"line":294,"column":60}}]},"37":{"loc":{"start":{"line":296,"column":49},"end":{"line":296,"column":84}},"type":"cond-expr","locations":[{"start":{"line":296,"column":65},"end":{"line":296,"column":79}},{"start":{"line":296,"column":82},"end":{"line":296,"column":84}}]}},"s":{"0":2,"1":2,"2":2,"3":2,"4":2,"5":18,"6":18,"7":18,"8":18,"9":18,"10":18,"11":18,"12":18,"13":2,"14":2,"15":0,"16":2,"17":2,"18":2,"19":2,"20":2,"21":2,"22":2,"23":18,"24":18,"25":0,"26":0,"27":0,"28":0,"29":0,"30":0,"31":0,"32":18,"33":18,"34":0,"35":18,"36":18,"37":0,"38":0,"39":0,"40":0,"41":0,"42":0,"43":0,"44":0,"45":18,"46":18,"47":1,"48":2,"49":18,"50":1,"51":2,"52":18,"53":2,"54":2,"55":2,"56":18,"57":37,"58":1,"59":36,"60":20,"61":2,"62":18,"63":15,"64":3,"65":18,"66":37,"67":18,"68":18,"69":1,"70":0,"71":0,"72":0,"73":2,"74":36,"75":1,"76":1},"f":{"0":18,"1":2,"2":2,"3":18,"4":0,"5":18,"6":18,"7":0,"8":1,"9":2,"10":1,"11":2,"12":2,"13":37,"14":20,"15":37,"16":1,"17":0,"18":2,"19":36,"20":1,"21":1},"b":{"0":[2,2],"1":[0],"2":[2],"3":[0],"4":[18,0],"5":[0],"6":[0],"7":[0],"8":[0],"9":[18,0,0],"10":[0],"11":[1,1],"12":[1],"13":[37,2],"14":[2],"15":[20,3],"16":[15],"17":[18,17],"18":[18,17],"19":[0],"20":[0,0],"21":[0,18],"22":[18,18],"23":[0,18],"24":[0,18],"25":[0,18],"26":[0,18],"27":[18,0],"28":[18,0],"29":[18,0],"30":[0,18],"31":[0,0],"32":[0,0],"33":[18,18],"34":[36,18],"35":[18,18],"36":[18,18],"37":[18,18]}}
,"C:\\Users\\ellen\\OneDrive\\Skrivbord\\Mosaic\\src\\Interface\\Components\\shoppingList.tsx": {"path":"C:\\Users\\ellen\\OneDrive\\Skrivbord\\Mosaic\\src\\Interface\\Components\\shoppingList.tsx","statementMap":{"0":{"start":{"line":22,"column":0},"end":{"line":22,"column":24}},"1":{"start":{"line":1,"column":0},"end":{"line":1,"column":64}},"2":{"start":{"line":2,"column":0},"end":{"line":2,"column":63}},"3":{"start":{"line":3,"column":0},"end":{"line":3,"column":66}},"4":{"start":{"line":14,"column":23},"end":{"line":20,"column":null}},"5":{"start":{"line":23,"column":28},"end":{"line":47,"column":4}},"6":{"start":{"line":49,"column":40},"end":{"line":49,"column":52}},"7":{"start":{"line":50,"column":48},"end":{"line":50,"column":60}},"8":{"start":{"line":51,"column":104},"end":{"line":51,"column":125}},"9":{"start":{"line":52,"column":26},"end":{"line":52,"column":39}},"10":{"start":{"line":53,"column":29},"end":{"line":53,"column":64}},"11":{"start":{"line":55,"column":29},"end":{"line":79,"column":3}},"12":{"start":{"line":56,"column":17},"end":{"line":56,"column":39}},"13":{"start":{"line":59,"column":4},"end":{"line":61,"column":5}},"14":{"start":{"line":60,"column":6},"end":{"line":60,"column":null}},"15":{"start":{"line":64,"column":4},"end":{"line":66,"column":5}},"16":{"start":{"line":65,"column":6},"end":{"line":65,"column":null}},"17":{"start":{"line":69,"column":4},"end":{"line":71,"column":5}},"18":{"start":{"line":70,"column":6},"end":{"line":70,"column":null}},"19":{"start":{"line":74,"column":4},"end":{"line":76,"column":5}},"20":{"start":{"line":75,"column":6},"end":{"line":75,"column":null}},"21":{"start":{"line":78,"column":4},"end":{"line":78,"column":null}},"22":{"start":{"line":81,"column":24},"end":{"line":98,"column":36}},"23":{"start":{"line":82,"column":21},"end":{"line":82,"column":40}},"24":{"start":{"line":83,"column":4},"end":{"line":83,"column":32}},"25":{"start":{"line":83,"column":26},"end":{"line":83,"column":32}},"26":{"start":{"line":85,"column":34},"end":{"line":92,"column":null}},"27":{"start":{"line":94,"column":4},"end":{"line":94,"column":null}},"28":{"start":{"line":95,"column":4},"end":{"line":95,"column":null}},"29":{"start":{"line":95,"column":21},"end":{"line":95,"column":39}},"30":{"start":{"line":96,"column":4},"end":{"line":96,"column":null}},"31":{"start":{"line":97,"column":4},"end":{"line":97,"column":null}},"32":{"start":{"line":101,"column":2},"end":{"line":122,"column":null}},"33":{"start":{"line":102,"column":4},"end":{"line":115,"column":5}},"34":{"start":{"line":103,"column":6},"end":{"line":103,"column":null}},"35":{"start":{"line":105,"column":6},"end":{"line":107,"column":7}},"36":{"start":{"line":106,"column":8},"end":{"line":106,"column":null}},"37":{"start":{"line":109,"column":6},"end":{"line":114,"column":null}},"38":{"start":{"line":110,"column":8},"end":{"line":113,"column":9}},"39":{"start":{"line":111,"column":10},"end":{"line":111,"column":null}},"40":{"start":{"line":112,"column":10},"end":{"line":112,"column":null}},"41":{"start":{"line":117,"column":4},"end":{"line":121,"column":null}},"42":{"start":{"line":118,"column":6},"end":{"line":120,"column":7}},"43":{"start":{"line":119,"column":8},"end":{"line":119,"column":null}},"44":{"start":{"line":125,"column":2},"end":{"line":151,"column":null}},"45":{"start":{"line":126,"column":4},"end":{"line":148,"column":5}},"46":{"start":{"line":127,"column":6},"end":{"line":127,"column":null}},"47":{"start":{"line":129,"column":17},"end":{"line":129,"column":34}},"48":{"start":{"line":132,"column":23},"end":{"line":132,"column":49}},"49":{"start":{"line":133,"column":6},"end":{"line":138,"column":7}},"50":{"start":{"line":134,"column":8},"end":{"line":137,"column":9}},"51":{"start":{"line":135,"column":10},"end":{"line":135,"column":null}},"52":{"start":{"line":136,"column":10},"end":{"line":136,"column":15}},"53":{"start":{"line":140,"column":6},"end":{"line":147,"column":7}},"54":{"start":{"line":142,"column":8},"end":{"line":142,"column":null}},"55":{"start":{"line":143,"column":8},"end":{"line":143,"column":null}},"56":{"start":{"line":144,"column":8},"end":{"line":144,"column":null}},"57":{"start":{"line":146,"column":8},"end":{"line":146,"column":null}},"58":{"start":{"line":146,"column":25},"end":{"line":146,"column":42}},"59":{"start":{"line":150,"column":4},"end":{"line":150,"column":null}},"60":{"start":{"line":153,"column":28},"end":{"line":157,"column":3}},"61":{"start":{"line":154,"column":4},"end":{"line":156,"column":null}},"62":{"start":{"line":155,"column":6},"end":{"line":155,"column":65}},"63":{"start":{"line":159,"column":27},"end":{"line":161,"column":3}},"64":{"start":{"line":160,"column":4},"end":{"line":160,"column":null}},"65":{"start":{"line":160,"column":34},"end":{"line":160,"column":48}},"66":{"start":{"line":163,"column":29},"end":{"line":165,"column":3}},"67":{"start":{"line":164,"column":4},"end":{"line":164,"column":null}},"68":{"start":{"line":164,"column":34},"end":{"line":164,"column":47}},"69":{"start":{"line":168,"column":23},"end":{"line":175,"column":42}},"70":{"start":{"line":169,"column":21},"end":{"line":169,"column":46}},"71":{"start":{"line":170,"column":4},"end":{"line":172,"column":5}},"72":{"start":{"line":171,"column":6},"end":{"line":171,"column":null}},"73":{"start":{"line":173,"column":4},"end":{"line":173,"column":null}},"74":{"start":{"line":174,"column":4},"end":{"line":174,"column":null}},"75":{"start":{"line":177,"column":25},"end":{"line":177,"column":67}},"76":{"start":{"line":177,"column":46},"end":{"line":177,"column":59}},"77":{"start":{"line":178,"column":23},"end":{"line":178,"column":64}},"78":{"start":{"line":178,"column":44},"end":{"line":178,"column":56}},"79":{"start":{"line":180,"column":2},"end":{"line":344,"column":null}},"80":{"start":{"line":208,"column":29},"end":{"line":208,"column":59}},"81":{"start":{"line":209,"column":31},"end":{"line":209,"column":67}},"82":{"start":{"line":231,"column":27},"end":{"line":231,"column":42}},"83":{"start":{"line":244,"column":27},"end":{"line":244,"column":61}},"84":{"start":{"line":245,"column":29},"end":{"line":245,"column":65}},"85":{"start":{"line":274,"column":10},"end":{"line":274,"column":null}},"86":{"start":{"line":274,"column":42},"end":{"line":274,"column":null}},"87":{"start":{"line":276,"column":10},"end":{"line":333,"column":null}},"88":{"start":{"line":290,"column":18},"end":{"line":291,"column":null}},"89":{"start":{"line":302,"column":37},"end":{"line":302,"column":63}},"90":{"start":{"line":324,"column":37},"end":{"line":324,"column":62}}},"fnMap":{"0":{"name":"ShoppingList","decl":{"start":{"line":22,"column":24},"end":{"line":22,"column":36}},"loc":{"start":{"line":22,"column":36},"end":{"line":345,"column":1}}},"1":{"name":"(anonymous_1)","decl":{"start":{"line":55,"column":29},"end":{"line":55,"column":30}},"loc":{"start":{"line":55,"column":76},"end":{"line":79,"column":3}}},"2":{"name":"(anonymous_2)","decl":{"start":{"line":81,"column":36},"end":{"line":81,"column":37}},"loc":{"start":{"line":81,"column":73},"end":{"line":98,"column":3}}},"3":{"name":"(anonymous_3)","decl":{"start":{"line":95,"column":13},"end":{"line":95,"column":17}},"loc":{"start":{"line":95,"column":21},"end":{"line":95,"column":39}}},"4":{"name":"(anonymous_4)","decl":{"start":{"line":101,"column":12},"end":{"line":101,"column":15}},"loc":{"start":{"line":101,"column":17},"end":{"line":122,"column":3}}},"5":{"name":"(anonymous_5)","decl":{"start":{"line":109,"column":46},"end":{"line":109,"column":49}},"loc":{"start":{"line":109,"column":51},"end":{"line":114,"column":7}}},"6":{"name":"(anonymous_6)","decl":{"start":{"line":117,"column":11},"end":{"line":117,"column":14}},"loc":{"start":{"line":117,"column":16},"end":{"line":121,"column":5}}},"7":{"name":"(anonymous_7)","decl":{"start":{"line":125,"column":12},"end":{"line":125,"column":15}},"loc":{"start":{"line":125,"column":17},"end":{"line":151,"column":3}}},"8":{"name":"(anonymous_8)","decl":{"start":{"line":146,"column":19},"end":{"line":146,"column":22}},"loc":{"start":{"line":146,"column":25},"end":{"line":146,"column":42}}},"9":{"name":"(anonymous_9)","decl":{"start":{"line":153,"column":28},"end":{"line":153,"column":29}},"loc":{"start":{"line":153,"column":43},"end":{"line":157,"column":3}}},"10":{"name":"(anonymous_10)","decl":{"start":{"line":154,"column":23},"end":{"line":154,"column":27}},"loc":{"start":{"line":155,"column":6},"end":{"line":155,"column":65}}},"11":{"name":"(anonymous_11)","decl":{"start":{"line":159,"column":27},"end":{"line":159,"column":28}},"loc":{"start":{"line":159,"column":42},"end":{"line":161,"column":3}}},"12":{"name":"(anonymous_12)","decl":{"start":{"line":160,"column":26},"end":{"line":160,"column":30}},"loc":{"start":{"line":160,"column":34},"end":{"line":160,"column":48}}},"13":{"name":"(anonymous_13)","decl":{"start":{"line":163,"column":29},"end":{"line":163,"column":32}},"loc":{"start":{"line":163,"column":34},"end":{"line":165,"column":3}}},"14":{"name":"(anonymous_14)","decl":{"start":{"line":164,"column":26},"end":{"line":164,"column":30}},"loc":{"start":{"line":164,"column":34},"end":{"line":164,"column":47}}},"15":{"name":"(anonymous_15)","decl":{"start":{"line":168,"column":36},"end":{"line":168,"column":37}},"loc":{"start":{"line":168,"column":50},"end":{"line":175,"column":3}}},"16":{"name":"(anonymous_16)","decl":{"start":{"line":177,"column":38},"end":{"line":177,"column":42}},"loc":{"start":{"line":177,"column":46},"end":{"line":177,"column":59}}},"17":{"name":"(anonymous_17)","decl":{"start":{"line":178,"column":36},"end":{"line":178,"column":40}},"loc":{"start":{"line":178,"column":44},"end":{"line":178,"column":56}}},"18":{"name":"(anonymous_18)","decl":{"start":{"line":208,"column":22},"end":{"line":208,"column":23}},"loc":{"start":{"line":208,"column":29},"end":{"line":208,"column":59}}},"19":{"name":"(anonymous_19)","decl":{"start":{"line":209,"column":24},"end":{"line":209,"column":25}},"loc":{"start":{"line":209,"column":31},"end":{"line":209,"column":67}}},"20":{"name":"(anonymous_20)","decl":{"start":{"line":231,"column":21},"end":{"line":231,"column":24}},"loc":{"start":{"line":231,"column":27},"end":{"line":231,"column":42}}},"21":{"name":"(anonymous_21)","decl":{"start":{"line":244,"column":20},"end":{"line":244,"column":21}},"loc":{"start":{"line":244,"column":27},"end":{"line":244,"column":61}}},"22":{"name":"(anonymous_22)","decl":{"start":{"line":245,"column":22},"end":{"line":245,"column":23}},"loc":{"start":{"line":245,"column":29},"end":{"line":245,"column":65}}},"23":{"name":"(anonymous_23)","decl":{"start":{"line":273,"column":42},"end":{"line":273,"column":43}},"loc":{"start":{"line":273,"column":72},"end":{"line":334,"column":9}}},"24":{"name":"(anonymous_24)","decl":{"start":{"line":289,"column":35},"end":{"line":289,"column":36}},"loc":{"start":{"line":290,"column":18},"end":{"line":291,"column":null}}},"25":{"name":"(anonymous_25)","decl":{"start":{"line":302,"column":31},"end":{"line":302,"column":34}},"loc":{"start":{"line":302,"column":37},"end":{"line":302,"column":63}}},"26":{"name":"(anonymous_26)","decl":{"start":{"line":324,"column":31},"end":{"line":324,"column":34}},"loc":{"start":{"line":324,"column":37},"end":{"line":324,"column":62}}}},"branchMap":{"0":{"loc":{"start":{"line":59,"column":4},"end":{"line":61,"column":5}},"type":"if","locations":[{"start":{"line":59,"column":4},"end":{"line":61,"column":5}}]},"1":{"loc":{"start":{"line":64,"column":4},"end":{"line":66,"column":5}},"type":"if","locations":[{"start":{"line":64,"column":4},"end":{"line":66,"column":5}}]},"2":{"loc":{"start":{"line":69,"column":4},"end":{"line":71,"column":5}},"type":"if","locations":[{"start":{"line":69,"column":4},"end":{"line":71,"column":5}}]},"3":{"loc":{"start":{"line":74,"column":4},"end":{"line":76,"column":5}},"type":"if","locations":[{"start":{"line":74,"column":4},"end":{"line":76,"column":5}}]},"4":{"loc":{"start":{"line":82,"column":21},"end":{"line":82,"column":40}},"type":"binary-expr","locations":[{"start":{"line":82,"column":21},"end":{"line":82,"column":25}},{"start":{"line":82,"column":29},"end":{"line":82,"column":40}}]},"5":{"loc":{"start":{"line":83,"column":4},"end":{"line":83,"column":32}},"type":"if","locations":[{"start":{"line":83,"column":4},"end":{"line":83,"column":32}}]},"6":{"loc":{"start":{"line":88,"column":16},"end":{"line":88,"column":56}},"type":"binary-expr","locations":[{"start":{"line":88,"column":16},"end":{"line":88,"column":24}},{"start":{"line":88,"column":28},"end":{"line":88,"column":43}},{"start":{"line":88,"column":47},"end":{"line":88,"column":56}}]},"7":{"loc":{"start":{"line":102,"column":4},"end":{"line":115,"column":5}},"type":"if","locations":[{"start":{"line":102,"column":4},"end":{"line":115,"column":5}}]},"8":{"loc":{"start":{"line":102,"column":8},"end":{"line":102,"column":33}},"type":"binary-expr","locations":[{"start":{"line":102,"column":8},"end":{"line":102,"column":19}},{"start":{"line":102,"column":23},"end":{"line":102,"column":33}}]},"9":{"loc":{"start":{"line":105,"column":6},"end":{"line":107,"column":7}},"type":"if","locations":[{"start":{"line":105,"column":6},"end":{"line":107,"column":7}}]},"10":{"loc":{"start":{"line":110,"column":8},"end":{"line":113,"column":9}},"type":"if","locations":[{"start":{"line":110,"column":8},"end":{"line":113,"column":9}}]},"11":{"loc":{"start":{"line":118,"column":6},"end":{"line":120,"column":7}},"type":"if","locations":[{"start":{"line":118,"column":6},"end":{"line":120,"column":7}}]},"12":{"loc":{"start":{"line":126,"column":4},"end":{"line":148,"column":5}},"type":"if","locations":[{"start":{"line":126,"column":4},"end":{"line":148,"column":5}}]},"13":{"loc":{"start":{"line":126,"column":8},"end":{"line":126,"column":61}},"type":"binary-expr","locations":[{"start":{"line":126,"column":8},"end":{"line":126,"column":31}},{"start":{"line":126,"column":35},"end":{"line":126,"column":47}},{"start":{"line":126,"column":51},"end":{"line":126,"column":61}}]},"14":{"loc":{"start":{"line":134,"column":8},"end":{"line":137,"column":9}},"type":"if","locations":[{"start":{"line":134,"column":8},"end":{"line":137,"column":9}}]},"15":{"loc":{"start":{"line":140,"column":6},"end":{"line":147,"column":7}},"type":"if","locations":[{"start":{"line":140,"column":6},"end":{"line":147,"column":7}}]},"16":{"loc":{"start":{"line":155,"column":6},"end":{"line":155,"column":65}},"type":"cond-expr","locations":[{"start":{"line":155,"column":23},"end":{"line":155,"column":58}},{"start":{"line":155,"column":61},"end":{"line":155,"column":65}}]},"17":{"loc":{"start":{"line":169,"column":21},"end":{"line":169,"column":46}},"type":"binary-expr","locations":[{"start":{"line":169,"column":21},"end":{"line":169,"column":34}},{"start":{"line":169,"column":38},"end":{"line":169,"column":46}}]},"18":{"loc":{"start":{"line":170,"column":4},"end":{"line":172,"column":5}},"type":"if","locations":[{"start":{"line":170,"column":4},"end":{"line":172,"column":5}}]},"19":{"loc":{"start":{"line":188,"column":11},"end":{"line":197,"column":null}},"type":"binary-expr","locations":[{"start":{"line":188,"column":11},"end":{"line":188,"column":27}},{"start":{"line":189,"column":12},"end":{"line":196,"column":null}}]},"20":{"loc":{"start":{"line":209,"column":31},"end":{"line":209,"column":67}},"type":"binary-expr","locations":[{"start":{"line":209,"column":31},"end":{"line":209,"column":48}},{"start":{"line":209,"column":52},"end":{"line":209,"column":67}}]},"21":{"loc":{"start":{"line":210,"column":25},"end":{"line":210,"column":69}},"type":"cond-expr","locations":[{"start":{"line":210,"column":39},"end":{"line":210,"column":53}},{"start":{"line":210,"column":56},"end":{"line":210,"column":69}}]},"22":{"loc":{"start":{"line":215,"column":11},"end":{"line":227,"column":null}},"type":"binary-expr","locations":[{"start":{"line":215,"column":11},"end":{"line":215,"column":20}},{"start":{"line":216,"column":12},"end":{"line":226,"column":null}}]},"23":{"loc":{"start":{"line":220,"column":16},"end":{"line":222,"column":null}},"type":"cond-expr","locations":[{"start":{"line":221,"column":20},"end":{"line":221,"column":65}},{"start":{"line":222,"column":20},"end":{"line":222,"column":null}}]},"24":{"loc":{"start":{"line":224,"column":21},"end":{"line":224,"column":65}},"type":"cond-expr","locations":[{"start":{"line":224,"column":35},"end":{"line":224,"column":49}},{"start":{"line":224,"column":52},"end":{"line":224,"column":65}}]},"25":{"loc":{"start":{"line":226,"column":15},"end":{"line":226,"column":111}},"type":"cond-expr","locations":[{"start":{"line":226,"column":29},"end":{"line":226,"column":70}},{"start":{"line":226,"column":73},"end":{"line":226,"column":111}}]},"26":{"loc":{"start":{"line":245,"column":29},"end":{"line":245,"column":65}},"type":"binary-expr","locations":[{"start":{"line":245,"column":29},"end":{"line":245,"column":46}},{"start":{"line":245,"column":50},"end":{"line":245,"column":65}}]},"27":{"loc":{"start":{"line":253,"column":7},"end":{"line":256,"column":null}},"type":"binary-expr","locations":[{"start":{"line":253,"column":7},"end":{"line":253,"column":18}},{"start":{"line":254,"column":8},"end":{"line":254,"column":null}}]},"28":{"loc":{"start":{"line":259,"column":7},"end":{"line":262,"column":null}},"type":"binary-expr","locations":[{"start":{"line":259,"column":7},"end":{"line":259,"column":17}},{"start":{"line":260,"column":8},"end":{"line":261,"column":null}}]},"29":{"loc":{"start":{"line":265,"column":7},"end":{"line":268,"column":null}},"type":"binary-expr","locations":[{"start":{"line":265,"column":7},"end":{"line":265,"column":12}},{"start":{"line":266,"column":8},"end":{"line":267,"column":null}}]},"30":{"loc":{"start":{"line":274,"column":10},"end":{"line":274,"column":null}},"type":"if","locations":[{"start":{"line":274,"column":10},"end":{"line":274,"column":null}}]},"31":{"loc":{"start":{"line":293,"column":22},"end":{"line":295,"column":null}},"type":"cond-expr","locations":[{"start":{"line":294,"column":26},"end":{"line":294,"column":69}},{"start":{"line":295,"column":26},"end":{"line":295,"column":null}}]},"32":{"loc":{"start":{"line":298,"column":62},"end":{"line":298,"column":87}},"type":"binary-expr","locations":[{"start":{"line":298,"column":62},"end":{"line":298,"column":75}},{"start":{"line":298,"column":79},"end":{"line":298,"column":87}}]},"33":{"loc":{"start":{"line":304,"column":24},"end":{"line":306,"column":null}},"type":"cond-expr","locations":[{"start":{"line":305,"column":28},"end":{"line":305,"column":59}},{"start":{"line":306,"column":28},"end":{"line":306,"column":null}}]},"34":{"loc":{"start":{"line":309,"column":23},"end":{"line":309,"column":79}},"type":"binary-expr","locations":[{"start":{"line":309,"column":23},"end":{"line":309,"column":35}},{"start":{"line":309,"column":39},"end":{"line":309,"column":79}}]},"35":{"loc":{"start":{"line":313,"column":53},"end":{"line":313,"column":114}},"type":"cond-expr","locations":[{"start":{"line":313,"column":68},"end":{"line":313,"column":96}},{"start":{"line":313,"column":99},"end":{"line":313,"column":114}}]},"36":{"loc":{"start":{"line":316,"column":23},"end":{"line":319,"column":null}},"type":"binary-expr","locations":[{"start":{"line":316,"column":23},"end":{"line":316,"column":36}},{"start":{"line":317,"column":24},"end":{"line":318,"column":null}}]},"37":{"loc":{"start":{"line":337,"column":7},"end":{"line":341,"column":null}},"type":"binary-expr","locations":[{"start":{"line":337,"column":7},"end":{"line":337,"column":25}},{"start":{"line":338,"column":8},"end":{"line":340,"column":null}}]}},"s":{"0":2,"1":2,"2":2,"3":2,"4":2,"5":22,"6":22,"7":22,"8":22,"9":22,"10":22,"11":22,"12":6,"13":6,"14":2,"15":4,"16":3,"17":1,"18":0,"19":1,"20":0,"21":1,"22":22,"23":6,"24":6,"25":0,"26":6,"27":6,"28":6,"29":6,"30":6,"31":6,"32":22,"33":22,"34":0,"35":0,"36":0,"37":0,"38":0,"39":0,"40":0,"41":22,"42":22,"43":0,"44":22,"45":22,"46":0,"47":0,"48":0,"49":0,"50":0,"51":0,"52":0,"53":0,"54":0,"55":0,"56":0,"57":0,"58":0,"59":22,"60":22,"61":0,"62":0,"63":22,"64":0,"65":0,"66":22,"67":0,"68":0,"69":22,"70":72,"71":72,"72":67,"73":72,"74":72,"75":22,"76":72,"77":22,"78":72,"79":22,"80":6,"81":0,"82":6,"83":1,"84":0,"85":67,"86":0,"87":67,"88":72,"89":0,"90":0},"f":{"0":22,"1":6,"2":6,"3":6,"4":22,"5":0,"6":22,"7":22,"8":0,"9":0,"10":0,"11":0,"12":0,"13":0,"14":0,"15":72,"16":72,"17":72,"18":6,"19":0,"20":6,"21":1,"22":0,"23":67,"24":72,"25":0,"26":0},"b":{"0":[2],"1":[3],"2":[0],"3":[0],"4":[6,6],"5":[0],"6":[6,6,5],"7":[0],"8":[22,0],"9":[0],"10":[0],"11":[0],"12":[0],"13":[22,0,0],"14":[0],"15":[0],"16":[0,0],"17":[72,0],"18":[67],"19":[22,0],"20":[0,0],"21":[0,22],"22":[22,22],"23":[0,22],"24":[0,22],"25":[0,22],"26":[0,0],"27":[22,0],"28":[22,0],"29":[22,0],"30":[0],"31":[0,72],"32":[72,0],"33":[0,72],"34":[72,0],"35":[0,72],"36":[72,45],"37":[22,0]}}
,"C:\\Users\\ellen\\OneDrive\\Skrivbord\\Mosaic\\src\\Interface\\Components\\sidebar.tsx": {"path":"C:\\Users\\ellen\\OneDrive\\Skrivbord\\Mosaic\\src\\Interface\\Components\\sidebar.tsx","statementMap":{"0":{"start":{"line":16,"column":0},"end":{"line":16,"column":24}},"1":{"start":{"line":1,"column":0},"end":{"line":1,"column":92}},"2":{"start":{"line":9,"column":13},"end":{"line":14,"column":null}},"3":{"start":{"line":17,"column":2},"end":{"line":40,"column":null}},"4":{"start":{"line":20,"column":21},"end":{"line":20,"column":29}},"5":{"start":{"line":21,"column":25},"end":{"line":21,"column":45}},"6":{"start":{"line":23,"column":8},"end":{"line":37,"column":null}},"7":{"start":{"line":26,"column":27},"end":{"line":26,"column":46}}},"fnMap":{"0":{"name":"Sidebar","decl":{"start":{"line":16,"column":24},"end":{"line":16,"column":31}},"loc":{"start":{"line":16,"column":72},"end":{"line":41,"column":1}}},"1":{"name":"(anonymous_1)","decl":{"start":{"line":19,"column":16},"end":{"line":19,"column":17}},"loc":{"start":{"line":19,"column":24},"end":{"line":38,"column":7}}},"2":{"name":"(anonymous_2)","decl":{"start":{"line":26,"column":21},"end":{"line":26,"column":24}},"loc":{"start":{"line":26,"column":27},"end":{"line":26,"column":46}}}},"branchMap":{"0":{"loc":{"start":{"line":27,"column":39},"end":{"line":27,"column":93}},"type":"cond-expr","locations":[{"start":{"line":27,"column":50},"end":{"line":27,"column":88}},{"start":{"line":27,"column":91},"end":{"line":27,"column":93}}]},"1":{"loc":{"start":{"line":29,"column":19},"end":{"line":29,"column":72}},"type":"cond-expr","locations":[{"start":{"line":29,"column":30},"end":{"line":29,"column":67}},{"start":{"line":29,"column":70},"end":{"line":29,"column":72}}]},"2":{"loc":{"start":{"line":33,"column":30},"end":{"line":33,"column":62}},"type":"cond-expr","locations":[{"start":{"line":33,"column":41},"end":{"line":33,"column":50}},{"start":{"line":33,"column":53},"end":{"line":33,"column":62}}]}},"s":{"0":2,"1":2,"2":2,"3":7,"4":28,"5":28,"6":28,"7":4},"f":{"0":7,"1":28,"2":4},"b":{"0":[2,26],"1":[2,26],"2":[2,26]}}
,"C:\\Users\\ellen\\OneDrive\\Skrivbord\\Mosaic\\src\\Interface\\Components\\taskItem.tsx": {"path":"C:\\Users\\ellen\\OneDrive\\Skrivbord\\Mosaic\\src\\Interface\\Components\\taskItem.tsx","statementMap":{"0":{"start":{"line":11,"column":0},"end":{"line":11,"column":24}},"1":{"start":{"line":1,"column":0},"end":{"line":1,"column":43}},"2":{"start":{"line":2,"column":0},"end":{"line":2,"column":33}},"3":{"start":{"line":12,"column":27},"end":{"line":21,"column":3}},"4":{"start":{"line":13,"column":4},"end":{"line":20,"column":5}},"5":{"start":{"line":15,"column":8},"end":{"line":15,"column":null}},"6":{"start":{"line":17,"column":8},"end":{"line":17,"column":null}},"7":{"start":{"line":19,"column":8},"end":{"line":19,"column":null}},"8":{"start":{"line":23,"column":2},"end":{"line":69,"column":null}},"9":{"start":{"line":35,"column":26},"end":{"line":35,"column":51}},"10":{"start":{"line":62,"column":25},"end":{"line":62,"column":42}}},"fnMap":{"0":{"name":"TaskItem","decl":{"start":{"line":11,"column":24},"end":{"line":11,"column":32}},"loc":{"start":{"line":11,"column":84},"end":{"line":70,"column":1}}},"1":{"name":"(anonymous_1)","decl":{"start":{"line":12,"column":27},"end":{"line":12,"column":30}},"loc":{"start":{"line":12,"column":32},"end":{"line":21,"column":3}}},"2":{"name":"(anonymous_2)","decl":{"start":{"line":35,"column":20},"end":{"line":35,"column":23}},"loc":{"start":{"line":35,"column":26},"end":{"line":35,"column":51}}},"3":{"name":"(anonymous_3)","decl":{"start":{"line":62,"column":19},"end":{"line":62,"column":22}},"loc":{"start":{"line":62,"column":25},"end":{"line":62,"column":42}}}},"branchMap":{"0":{"loc":{"start":{"line":13,"column":4},"end":{"line":20,"column":5}},"type":"switch","locations":[{"start":{"line":14,"column":6},"end":{"line":15,"column":null}},{"start":{"line":16,"column":6},"end":{"line":17,"column":null}},{"start":{"line":18,"column":6},"end":{"line":19,"column":null}}]},"1":{"loc":{"start":{"line":24,"column":42},"end":{"line":24,"column":76}},"type":"cond-expr","locations":[{"start":{"line":24,"column":59},"end":{"line":24,"column":71}},{"start":{"line":24,"column":74},"end":{"line":24,"column":76}}]},"2":{"loc":{"start":{"line":26,"column":7},"end":{"line":27,"column":null}},"type":"binary-expr","locations":[{"start":{"line":26,"column":7},"end":{"line":26,"column":33}},{"start":{"line":26,"column":37},"end":{"line":26,"column":52}},{"start":{"line":27,"column":8},"end":{"line":27,"column":41}}]},"3":{"loc":{"start":{"line":47,"column":48},"end":{"line":47,"column":111}},"type":"cond-expr","locations":[{"start":{"line":47,"column":65},"end":{"line":47,"column":93}},{"start":{"line":47,"column":96},"end":{"line":47,"column":111}}]},"4":{"loc":{"start":{"line":50,"column":11},"end":{"line":51,"column":null}},"type":"binary-expr","locations":[{"start":{"line":50,"column":11},"end":{"line":50,"column":27}},{"start":{"line":51,"column":12},"end":{"line":51,"column":78}}]},"5":{"loc":{"start":{"line":53,"column":11},"end":{"line":56,"column":null}},"type":"binary-expr","locations":[{"start":{"line":53,"column":11},"end":{"line":53,"column":23}},{"start":{"line":54,"column":12},"end":{"line":55,"column":null}}]}},"s":{"0":2,"1":2,"2":2,"3":14,"4":14,"5":5,"6":2,"7":7,"8":14,"9":1,"10":1},"f":{"0":14,"1":14,"2":1,"3":1},"b":{"0":[5,2,7],"1":[1,13],"2":[14,5,5],"3":[1,13],"4":[14,3],"5":[14,4]}}
,"C:\\Users\\ellen\\OneDrive\\Skrivbord\\Mosaic\\src\\Interface\\Components\\todoList.tsx": {"path":"C:\\Users\\ellen\\OneDrive\\Skrivbord\\Mosaic\\src\\Interface\\Components\\todoList.tsx","statementMap":{"0":{"start":{"line":7,"column":0},"end":{"line":7,"column":24}},"1":{"start":{"line":1,"column":0},"end":{"line":1,"column":64}},"2":{"start":{"line":2,"column":0},"end":{"line":2,"column":58}},"3":{"start":{"line":3,"column":0},"end":{"line":3,"column":33}},"4":{"start":{"line":4,"column":0},"end":{"line":4,"column":66}},"5":{"start":{"line":5,"column":0},"end":{"line":5,"column":42}},"6":{"start":{"line":8,"column":71},"end":{"line":8,"column":81}},"7":{"start":{"line":11,"column":16},"end":{"line":11,"column":97}},"8":{"start":{"line":11,"column":40},"end":{"line":11,"column":96}},"9":{"start":{"line":13,"column":42},"end":{"line":13,"column":54}},"10":{"start":{"line":14,"column":46},"end":{"line":14,"column":58}},"11":{"start":{"line":15,"column":46},"end":{"line":15,"column":61}},"12":{"start":{"line":16,"column":104},"end":{"line":16,"column":125}},"13":{"start":{"line":17,"column":26},"end":{"line":17,"column":39}},"14":{"start":{"line":18,"column":29},"end":{"line":18,"column":64}},"15":{"start":{"line":19,"column":44},"end":{"line":19,"column":59}},"16":{"start":{"line":20,"column":28},"end":{"line":20,"column":63}},"17":{"start":{"line":22,"column":24},"end":{"line":37,"column":45}},"18":{"start":{"line":23,"column":22},"end":{"line":23,"column":43}},"19":{"start":{"line":24,"column":4},"end":{"line":24,"column":33}},"20":{"start":{"line":24,"column":27},"end":{"line":24,"column":33}},"21":{"start":{"line":26,"column":4},"end":{"line":26,"column":null}},"22":{"start":{"line":27,"column":4},"end":{"line":33,"column":null}},"23":{"start":{"line":34,"column":4},"end":{"line":34,"column":null}},"24":{"start":{"line":35,"column":4},"end":{"line":35,"column":null}},"25":{"start":{"line":36,"column":4},"end":{"line":36,"column":null}},"26":{"start":{"line":40,"column":2},"end":{"line":61,"column":null}},"27":{"start":{"line":41,"column":4},"end":{"line":54,"column":5}},"28":{"start":{"line":42,"column":6},"end":{"line":44,"column":7}},"29":{"start":{"line":43,"column":8},"end":{"line":43,"column":null}},"30":{"start":{"line":46,"column":6},"end":{"line":48,"column":null}},"31":{"start":{"line":47,"column":8},"end":{"line":47,"column":null}},"32":{"start":{"line":50,"column":6},"end":{"line":52,"column":7}},"33":{"start":{"line":51,"column":8},"end":{"line":51,"column":null}},"34":{"start":{"line":53,"column":6},"end":{"line":53,"column":null}},"35":{"start":{"line":56,"column":4},"end":{"line":60,"column":null}},"36":{"start":{"line":57,"column":6},"end":{"line":59,"column":7}},"37":{"start":{"line":58,"column":8},"end":{"line":58,"column":null}},"38":{"start":{"line":64,"column":2},"end":{"line":85,"column":null}},"39":{"start":{"line":65,"column":4},"end":{"line":78,"column":5}},"40":{"start":{"line":66,"column":6},"end":{"line":66,"column":null}},"41":{"start":{"line":68,"column":6},"end":{"line":70,"column":7}},"42":{"start":{"line":69,"column":8},"end":{"line":69,"column":null}},"43":{"start":{"line":72,"column":6},"end":{"line":77,"column":null}},"44":{"start":{"line":73,"column":8},"end":{"line":76,"column":9}},"45":{"start":{"line":74,"column":10},"end":{"line":74,"column":null}},"46":{"start":{"line":75,"column":10},"end":{"line":75,"column":null}},"47":{"start":{"line":80,"column":4},"end":{"line":84,"column":null}},"48":{"start":{"line":81,"column":6},"end":{"line":83,"column":7}},"49":{"start":{"line":82,"column":8},"end":{"line":82,"column":null}},"50":{"start":{"line":88,"column":2},"end":{"line":113,"column":null}},"51":{"start":{"line":89,"column":4},"end":{"line":110,"column":5}},"52":{"start":{"line":90,"column":6},"end":{"line":90,"column":null}},"53":{"start":{"line":92,"column":17},"end":{"line":92,"column":34}},"54":{"start":{"line":95,"column":23},"end":{"line":95,"column":64}},"55":{"start":{"line":96,"column":6},"end":{"line":101,"column":7}},"56":{"start":{"line":97,"column":8},"end":{"line":100,"column":9}},"57":{"start":{"line":98,"column":10},"end":{"line":98,"column":null}},"58":{"start":{"line":99,"column":10},"end":{"line":99,"column":15}},"59":{"start":{"line":103,"column":6},"end":{"line":109,"column":7}},"60":{"start":{"line":104,"column":8},"end":{"line":104,"column":null}},"61":{"start":{"line":105,"column":8},"end":{"line":105,"column":null}},"62":{"start":{"line":106,"column":8},"end":{"line":106,"column":null}},"63":{"start":{"line":108,"column":8},"end":{"line":108,"column":null}},"64":{"start":{"line":108,"column":25},"end":{"line":108,"column":42}},"65":{"start":{"line":112,"column":4},"end":{"line":112,"column":null}},"66":{"start":{"line":115,"column":31},"end":{"line":117,"column":3}},"67":{"start":{"line":116,"column":4},"end":{"line":116,"column":null}},"68":{"start":{"line":119,"column":27},"end":{"line":121,"column":3}},"69":{"start":{"line":120,"column":4},"end":{"line":120,"column":null}},"70":{"start":{"line":123,"column":2},"end":{"line":234,"column":null}},"71":{"start":{"line":135,"column":29},"end":{"line":135,"column":60}},"72":{"start":{"line":136,"column":31},"end":{"line":136,"column":67}},"73":{"start":{"line":143,"column":27},"end":{"line":143,"column":61}},"74":{"start":{"line":170,"column":27},"end":{"line":170,"column":42}},"75":{"start":{"line":187,"column":31},"end":{"line":187,"column":64}},"76":{"start":{"line":193,"column":18},"end":{"line":193,"column":null}},"77":{"start":{"line":194,"column":18},"end":{"line":194,"column":null}},"78":{"start":{"line":225,"column":10},"end":{"line":226,"column":null}}},"fnMap":{"0":{"name":"TodoList","decl":{"start":{"line":7,"column":24},"end":{"line":7,"column":32}},"loc":{"start":{"line":7,"column":32},"end":{"line":235,"column":1}}},"1":{"name":"(anonymous_2)","decl":{"start":{"line":11,"column":32},"end":{"line":11,"column":36}},"loc":{"start":{"line":11,"column":40},"end":{"line":11,"column":96}}},"2":{"name":"(anonymous_3)","decl":{"start":{"line":22,"column":36},"end":{"line":22,"column":37}},"loc":{"start":{"line":22,"column":55},"end":{"line":37,"column":3}}},"3":{"name":"(anonymous_4)","decl":{"start":{"line":40,"column":12},"end":{"line":40,"column":15}},"loc":{"start":{"line":40,"column":17},"end":{"line":61,"column":3}}},"4":{"name":"(anonymous_5)","decl":{"start":{"line":46,"column":45},"end":{"line":46,"column":48}},"loc":{"start":{"line":46,"column":50},"end":{"line":48,"column":7}}},"5":{"name":"(anonymous_6)","decl":{"start":{"line":56,"column":11},"end":{"line":56,"column":14}},"loc":{"start":{"line":56,"column":16},"end":{"line":60,"column":5}}},"6":{"name":"(anonymous_7)","decl":{"start":{"line":64,"column":12},"end":{"line":64,"column":15}},"loc":{"start":{"line":64,"column":17},"end":{"line":85,"column":3}}},"7":{"name":"(anonymous_8)","decl":{"start":{"line":72,"column":46},"end":{"line":72,"column":49}},"loc":{"start":{"line":72,"column":51},"end":{"line":77,"column":7}}},"8":{"name":"(anonymous_9)","decl":{"start":{"line":80,"column":11},"end":{"line":80,"column":14}},"loc":{"start":{"line":80,"column":16},"end":{"line":84,"column":5}}},"9":{"name":"(anonymous_10)","decl":{"start":{"line":88,"column":12},"end":{"line":88,"column":15}},"loc":{"start":{"line":88,"column":17},"end":{"line":113,"column":3}}},"10":{"name":"(anonymous_11)","decl":{"start":{"line":108,"column":19},"end":{"line":108,"column":22}},"loc":{"start":{"line":108,"column":25},"end":{"line":108,"column":42}}},"11":{"name":"(anonymous_12)","decl":{"start":{"line":115,"column":31},"end":{"line":115,"column":32}},"loc":{"start":{"line":115,"column":46},"end":{"line":117,"column":3}}},"12":{"name":"(anonymous_13)","decl":{"start":{"line":119,"column":27},"end":{"line":119,"column":28}},"loc":{"start":{"line":119,"column":42},"end":{"line":121,"column":3}}},"13":{"name":"(anonymous_14)","decl":{"start":{"line":135,"column":22},"end":{"line":135,"column":23}},"loc":{"start":{"line":135,"column":29},"end":{"line":135,"column":60}}},"14":{"name":"(anonymous_15)","decl":{"start":{"line":136,"column":24},"end":{"line":136,"column":25}},"loc":{"start":{"line":136,"column":31},"end":{"line":136,"column":67}}},"15":{"name":"(anonymous_16)","decl":{"start":{"line":143,"column":21},"end":{"line":143,"column":24}},"loc":{"start":{"line":143,"column":27},"end":{"line":143,"column":61}}},"16":{"name":"(anonymous_17)","decl":{"start":{"line":170,"column":21},"end":{"line":170,"column":24}},"loc":{"start":{"line":170,"column":27},"end":{"line":170,"column":42}}},"17":{"name":"(anonymous_18)","decl":{"start":{"line":187,"column":24},"end":{"line":187,"column":25}},"loc":{"start":{"line":187,"column":31},"end":{"line":187,"column":64}}},"18":{"name":"(anonymous_19)","decl":{"start":{"line":192,"column":25},"end":{"line":192,"column":28}},"loc":{"start":{"line":192,"column":30},"end":{"line":195,"column":17}}},"19":{"name":"(anonymous_20)","decl":{"start":{"line":224,"column":19},"end":{"line":224,"column":20}},"loc":{"start":{"line":225,"column":10},"end":{"line":226,"column":null}}}},"branchMap":{"0":{"loc":{"start":{"line":11,"column":40},"end":{"line":11,"column":96}},"type":"binary-expr","locations":[{"start":{"line":11,"column":40},"end":{"line":11,"column":64}},{"start":{"line":11,"column":68},"end":{"line":11,"column":96}}]},"1":{"loc":{"start":{"line":23,"column":22},"end":{"line":23,"column":43}},"type":"binary-expr","locations":[{"start":{"line":23,"column":22},"end":{"line":23,"column":27}},{"start":{"line":23,"column":31},"end":{"line":23,"column":43}}]},"2":{"loc":{"start":{"line":24,"column":4},"end":{"line":24,"column":33}},"type":"if","locations":[{"start":{"line":24,"column":4},"end":{"line":24,"column":33}}]},"3":{"loc":{"start":{"line":31,"column":15},"end":{"line":31,"column":68}},"type":"cond-expr","locations":[{"start":{"line":31,"column":32},"end":{"line":31,"column":56}},{"start":{"line":31,"column":59},"end":{"line":31,"column":68}}]},"4":{"loc":{"start":{"line":41,"column":4},"end":{"line":54,"column":5}},"type":"if","locations":[{"start":{"line":41,"column":4},"end":{"line":54,"column":5}},{"start":{"line":49,"column":11},"end":{"line":54,"column":5}}]},"5":{"loc":{"start":{"line":42,"column":6},"end":{"line":44,"column":7}},"type":"if","locations":[{"start":{"line":42,"column":6},"end":{"line":44,"column":7}}]},"6":{"loc":{"start":{"line":50,"column":6},"end":{"line":52,"column":7}},"type":"if","locations":[{"start":{"line":50,"column":6},"end":{"line":52,"column":7}}]},"7":{"loc":{"start":{"line":57,"column":6},"end":{"line":59,"column":7}},"type":"if","locations":[{"start":{"line":57,"column":6},"end":{"line":59,"column":7}}]},"8":{"loc":{"start":{"line":65,"column":4},"end":{"line":78,"column":5}},"type":"if","locations":[{"start":{"line":65,"column":4},"end":{"line":78,"column":5}}]},"9":{"loc":{"start":{"line":65,"column":8},"end":{"line":65,"column":33}},"type":"binary-expr","locations":[{"start":{"line":65,"column":8},"end":{"line":65,"column":19}},{"start":{"line":65,"column":23},"end":{"line":65,"column":33}}]},"10":{"loc":{"start":{"line":68,"column":6},"end":{"line":70,"column":7}},"type":"if","locations":[{"start":{"line":68,"column":6},"end":{"line":70,"column":7}}]},"11":{"loc":{"start":{"line":73,"column":8},"end":{"line":76,"column":9}},"type":"if","locations":[{"start":{"line":73,"column":8},"end":{"line":76,"column":9}}]},"12":{"loc":{"start":{"line":81,"column":6},"end":{"line":83,"column":7}},"type":"if","locations":[{"start":{"line":81,"column":6},"end":{"line":83,"column":7}}]},"13":{"loc":{"start":{"line":89,"column":4},"end":{"line":110,"column":5}},"type":"if","locations":[{"start":{"line":89,"column":4},"end":{"line":110,"column":5}}]},"14":{"loc":{"start":{"line":89,"column":8},"end":{"line":89,"column":61}},"type":"binary-expr","locations":[{"start":{"line":89,"column":8},"end":{"line":89,"column":31}},{"start":{"line":89,"column":35},"end":{"line":89,"column":47}},{"start":{"line":89,"column":51},"end":{"line":89,"column":61}}]},"15":{"loc":{"start":{"line":97,"column":8},"end":{"line":100,"column":9}},"type":"if","locations":[{"start":{"line":97,"column":8},"end":{"line":100,"column":9}}]},"16":{"loc":{"start":{"line":103,"column":6},"end":{"line":109,"column":7}},"type":"if","locations":[{"start":{"line":103,"column":6},"end":{"line":109,"column":7}}]},"17":{"loc":{"start":{"line":136,"column":31},"end":{"line":136,"column":67}},"type":"binary-expr","locations":[{"start":{"line":136,"column":31},"end":{"line":136,"column":48}},{"start":{"line":136,"column":52},"end":{"line":136,"column":67}}]},"18":{"loc":{"start":{"line":137,"column":25},"end":{"line":137,"column":77}},"type":"cond-expr","locations":[{"start":{"line":137,"column":41},"end":{"line":137,"column":55}},{"start":{"line":137,"column":58},"end":{"line":137,"column":77}}]},"19":{"loc":{"start":{"line":145,"column":14},"end":{"line":147,"column":null}},"type":"cond-expr","locations":[{"start":{"line":146,"column":18},"end":{"line":146,"column":44}},{"start":{"line":147,"column":18},"end":{"line":147,"column":null}}]},"20":{"loc":{"start":{"line":145,"column":14},"end":{"line":145,"column":46}},"type":"binary-expr","locations":[{"start":{"line":145,"column":14},"end":{"line":145,"column":28}},{"start":{"line":145,"column":32},"end":{"line":145,"column":46}}]},"21":{"loc":{"start":{"line":154,"column":11},"end":{"line":166,"column":null}},"type":"binary-expr","locations":[{"start":{"line":154,"column":11},"end":{"line":154,"column":20}},{"start":{"line":155,"column":12},"end":{"line":165,"column":null}}]},"22":{"loc":{"start":{"line":159,"column":16},"end":{"line":161,"column":null}},"type":"cond-expr","locations":[{"start":{"line":160,"column":20},"end":{"line":160,"column":65}},{"start":{"line":161,"column":20},"end":{"line":161,"column":null}}]},"23":{"loc":{"start":{"line":163,"column":21},"end":{"line":163,"column":71}},"type":"cond-expr","locations":[{"start":{"line":163,"column":35},"end":{"line":163,"column":49}},{"start":{"line":163,"column":52},"end":{"line":163,"column":71}}]},"24":{"loc":{"start":{"line":165,"column":15},"end":{"line":165,"column":111}},"type":"cond-expr","locations":[{"start":{"line":165,"column":29},"end":{"line":165,"column":70}},{"start":{"line":165,"column":73},"end":{"line":165,"column":111}}]},"25":{"loc":{"start":{"line":181,"column":9},"end":{"line":201,"column":null}},"type":"binary-expr","locations":[{"start":{"line":181,"column":9},"end":{"line":181,"column":23}},{"start":{"line":182,"column":10},"end":{"line":200,"column":null}}]},"26":{"loc":{"start":{"line":190,"column":13},"end":{"line":199,"column":null}},"type":"binary-expr","locations":[{"start":{"line":190,"column":13},"end":{"line":190,"column":27}},{"start":{"line":191,"column":14},"end":{"line":196,"column":null}}]},"27":{"loc":{"start":{"line":205,"column":7},"end":{"line":208,"column":null}},"type":"binary-expr","locations":[{"start":{"line":205,"column":7},"end":{"line":205,"column":20}},{"start":{"line":206,"column":8},"end":{"line":206,"column":null}}]},"28":{"loc":{"start":{"line":211,"column":7},"end":{"line":214,"column":null}},"type":"binary-expr","locations":[{"start":{"line":211,"column":7},"end":{"line":211,"column":17}},{"start":{"line":212,"column":8},"end":{"line":213,"column":null}}]},"29":{"loc":{"start":{"line":217,"column":7},"end":{"line":220,"column":null}},"type":"binary-expr","locations":[{"start":{"line":217,"column":7},"end":{"line":217,"column":12}},{"start":{"line":218,"column":8},"end":{"line":219,"column":null}}]}},"s":{"0":2,"1":2,"2":2,"3":2,"4":2,"5":2,"6":26,"7":26,"8":79,"9":26,"10":26,"11":26,"12":26,"13":26,"14":26,"15":26,"16":26,"17":26,"18":3,"19":3,"20":0,"21":3,"22":3,"23":3,"24":3,"25":3,"26":26,"27":11,"28":0,"29":0,"30":0,"31":0,"32":11,"33":0,"34":11,"35":11,"36":11,"37":0,"38":26,"39":20,"40":0,"41":0,"42":0,"43":0,"44":0,"45":0,"46":0,"47":20,"48":20,"49":0,"50":26,"51":20,"52":0,"53":0,"54":0,"55":0,"56":0,"57":0,"58":0,"59":0,"60":0,"61":0,"62":0,"63":0,"64":0,"65":20,"66":26,"67":1,"68":26,"69":1,"70":26,"71":3,"72":1,"73":1,"74":2,"75":0,"76":0,"77":0,"78":79},"f":{"0":26,"1":79,"2":3,"3":11,"4":0,"5":11,"6":20,"7":0,"8":20,"9":20,"10":0,"11":1,"12":1,"13":3,"14":1,"15":1,"16":2,"17":0,"18":0,"19":79},"b":{"0":[79,0],"1":[3,3],"2":[0],"3":[0,3],"4":[0,11],"5":[0],"6":[0],"7":[0],"8":[0],"9":[20,0],"10":[0],"11":[0],"12":[0],"13":[0],"14":[20,0,0],"15":[0],"16":[0],"17":[1,1],"18":[0,26],"19":[2,24],"20":[26,24],"21":[26,26],"22":[0,26],"23":[0,26],"24":[0,26],"25":[26,2],"26":[2,0],"27":[26,0],"28":[26,0],"29":[26,0]}}
,"C:\\Users\\ellen\\OneDrive\\Skrivbord\\Mosaic\\src\\Interface\\Hooks\\useOnlineSTT.ts": {"path":"C:\\Users\\ellen\\OneDrive\\Skrivbord\\Mosaic\\src\\Interface\\Hooks\\useOnlineSTT.ts","statementMap":{"0":{"start":{"line":3,"column":0},"end":{"line":3,"column":16}},"1":{"start":{"line":1,"column":0},"end":{"line":1,"column":33}},"2":{"start":{"line":4,"column":36},"end":{"line":4,"column":51}},"3":{"start":{"line":5,"column":38},"end":{"line":5,"column":50}},"4":{"start":{"line":12,"column":25},"end":{"line":57,"column":3}},"5":{"start":{"line":13,"column":4},"end":{"line":13,"column":22}},"6":{"start":{"line":15,"column":4},"end":{"line":17,"column":6}},"7":{"start":{"line":19,"column":4},"end":{"line":24,"column":6}},"8":{"start":{"line":20,"column":6},"end":{"line":23,"column":10}},"9":{"start":{"line":26,"column":4},"end":{"line":31,"column":6}},"10":{"start":{"line":27,"column":19},"end":{"line":27,"column":41}},"11":{"start":{"line":28,"column":6},"end":{"line":30,"column":7}},"12":{"start":{"line":29,"column":8},"end":{"line":29,"column":44}},"13":{"start":{"line":29,"column":29},"end":{"line":29,"column":42}},"14":{"start":{"line":33,"column":4},"end":{"line":33,"column":72}},"15":{"start":{"line":35,"column":4},"end":{"line":35,"column":59}},"16":{"start":{"line":36,"column":19},"end":{"line":36,"column":63}},"17":{"start":{"line":38,"column":4},"end":{"line":38,"column":63}},"18":{"start":{"line":39,"column":4},"end":{"line":39,"column":30}},"19":{"start":{"line":40,"column":4},"end":{"line":40,"column":48}},"20":{"start":{"line":42,"column":4},"end":{"line":52,"column":6}},"21":{"start":{"line":43,"column":20},"end":{"line":43,"column":51}},"22":{"start":{"line":44,"column":20},"end":{"line":44,"column":42}},"23":{"start":{"line":46,"column":6},"end":{"line":51,"column":8}},"24":{"start":{"line":54,"column":4},"end":{"line":54,"column":66}},"25":{"start":{"line":56,"column":4},"end":{"line":56,"column":23}},"26":{"start":{"line":59,"column":24},"end":{"line":67,"column":3}},"27":{"start":{"line":60,"column":4},"end":{"line":60,"column":42}},"28":{"start":{"line":60,"column":19},"end":{"line":60,"column":42}},"29":{"start":{"line":61,"column":4},"end":{"line":61,"column":60}},"30":{"start":{"line":61,"column":16},"end":{"line":61,"column":60}},"31":{"start":{"line":61,"column":50},"end":{"line":61,"column":58}},"32":{"start":{"line":62,"column":4},"end":{"line":65,"column":5}},"33":{"start
[...]
:{"name":"(anonymous_4)","decl":{"start":{"line":29,"column":22},"end":{"line":29,"column":23}},"loc":{"start":{"line":29,"column":29},"end":{"line":29,"column":42}}},"5":{"name":"(anonymous_5)","decl":{"start":{"line":42,"column":31},"end":{"line":42,"column":32}},"loc":{"start":{"line":42,"column":37},"end":{"line":52,"column":5}}},"6":{"name":"(anonymous_6)","decl":{"start":{"line":59,"column":24},"end":{"line":59,"column":27}},"loc":{"start":{"line":59,"column":29},"end":{"line":67,"column":3}}},"7":{"name":"(anonymous_7)","decl":{"start":{"line":61,"column":43},"end":{"line":61,"column":44}},"loc":{"start":{"line":61,"column":50},"end":{"line":61,"column":58}}},"8":{"name":"floatTo16BitPCM","decl":{"start":{"line":72,"column":9},"end":{"line":72,"column":24}},"loc":{"start":{"line":72,"column":51},"end":{"line":79,"column":1}}}},"branchMap":{"0":{"loc":{"start":{"line":28,"column":6},"end":{"line":30,"column":7}},"type":"if","locations":[{"start":{"line":28,"column":6},"end":{"line":30,"column":7}}]},"1":{"loc":{"start":{"line":60,"column":4},"end":{"line":60,"column":42}},"type":"if","locations":[{"start":{"line":60,"column":4},"end":{"line":60,"column":42}}]},"2":{"loc":{"start":{"line":61,"column":4},"end":{"line":61,"column":60}},"type":"if","locations":[{"start":{"line":61,"column":4},"end":{"line":61,"column":60}}]},"3":{"loc":{"start":{"line":62,"column":4},"end":{"line":65,"column":5}},"type":"if","locations":[{"start":{"line":62,"column":4},"end":{"line":65,"column":5}}]},"4":{"loc":{"start":{"line":76,"column":15},"end":{"line":76,"column":46}},"type":"cond-expr","locations":[{"start":{"line":76,"column":23},"end":{"line":76,"column":33}},{"start":{"line":76,"column":36},"end":{"line":76,"column":46}}]}},"s":{"0":0,"1":0,"2":0,"3":0,"4":0,"5":0,"6":0,"7":0,"8":0,"9":0,"10":0,"11":0,"12":0,"13":0,"14":0,"15":0,"16":0,"17":0,"18":0,"19":0,"20":0,"21":0,"22":0,"23":0,"24":0,"25":0,"26":0,"27":0,"28":0,"29":0,"30":0,"31":0,"32":0,"33":0,"34":0,"35":0,"36":0,"37":0,"38":0,"39":0,"40":0,"41":0,"42":0},"f":{"0":0,"1":0,"2":0,"3":0,"4":0,"5":0,"6":0,"7":0,"8":0},"b":{"0":[0],"1":[0],"2":[0],"3":[0],"4":[0,0]}}
,"C:\\Users\\ellen\\OneDrive\\Skrivbord\\Mosaic\\src\\Interface\\Hooks\\useVoiceRecognition.ts": {"path":"C:\\Users\\ellen\\OneDrive\\Skrivbord\\Mosaic\\src\\Interface\\Hooks\\useVoiceRecognition.ts","statementMap":{"0":{"start":{"line":14,"column":0},"end":{"line":14,"column":16}},"1":{"start":{"line":1,"column":0},"end":{"line":1,"column":64}},"2":{"start":{"line":15,"column":40},"end":{"line":15,"column":55}},"3":{"start":{"line":16,"column":38},"end":{"line":16,"column":50}},"4":{"start":{"line":17,"column":28},"end":{"line":17,"column":57}},"5":{"start":{"line":18,"column":46},"end":{"line":18,"column":61}},"6":{"start":{"line":19,"column":25},"end":{"line":19,"column":63}},"7":{"start":{"line":20,"column":24},"end":{"line":20,"column":37}},"8":{"start":{"line":21,"column":23},"end":{"line":21,"column":36}},"9":{"start":{"line":23,"column":20},"end":{"line":24,"column":74}},"10":{"start":{"line":26,"column":2},"end":{"line":167,"column":null}},"11":{"start":{"line":27,"column":4},"end":{"line":30,"column":5}},"12":{"start":{"line":28,"column":6},"end":{"line":28,"column":null}},"13":{"start":{"line":29,"column":6},"end":{"line":29,"column":12}},"14":{"start":{"line":32,"column":4},"end":{"line":32,"column":null}},"15":{"start":{"line":34,"column":4},"end":{"line":36,"column":5}},"16":{"start":{"line":35,"column":6},"end":{"line":35,"column":12}},"17":{"start":{"line":38,"column":4},"end":{"line":155,"column":5}},"18":{"start":{"line":39,"column":33},"end":{"line":39,"column":108}},"19":{"start":{"line":40,"column":34},"end":{"line":40,"column":57}},"20":{"start":{"line":43,"column":6},"end":{"line":43,"column":44}},"21":{"start":{"line":44,"column":6},"end":{"line":44,"column":48}},"22":{"start":{"line":45,"column":6},"end":{"line":45,"column":null}},"23":{"start":{"line":46,"column":6},"end":{"line":46,"column":null}},"24":{"start":{"line":48,"column":6},"end":{"line":56,"column":null}},"25":{"start":{"line":49,"column":8},"end":{"line":49,"column":null}},"26":{"start":{"line":50,"column":8},"end":{"line":50,"column":null}},"27":{"start":{"line":51,"column":8},"end":{"line":51,"column":null}},"28":{"start":{"line":52,"column":8},"end":{"line":52,"column":null}},"29":{"start":{"line":53,"column":8},"end":{"line":53,"column":null}},"30":{"start":{"line":54,"column":8},"end":{"line":54,"column":null}},"31":{"start":{"line":55,"column":8},"end":{"line":55,"column":null}},"32":{"start":{"line":58,"column":6},"end":{"line":86,"column":null}},"33":{"start":{"line":59,"column":8},"end":{"line":59,"column":null}},"34":{"start":{"line":60,"column":8},"end":{"line":60,"column":null}},"35":{"start":{"line":62,"column":32},"end":{"line":62,"column":34}},"36":{"start":{"line":63,"column":23},"end":{"line":63,"column":28}},"37":{"start":{"line":65,"column":8},"end":{"line":76,"column":9}},"38":{"start":{"line":65,"column":21},"end":{"line":65,"column":22}},"39":{"start":{"line":66,"column":25},"end":{"line":66,"column":41}},"40":{"start":{"line":67,"column":23},"end":{"line":67,"column":43}},"41":{"start":{"line":68,"column":10},"end":{"line":68,"column":null}},"42":{"start":{"line":70,"column":10},"end":{"line":70,"column":null}},"43":{"start":{"line":72,"column":10},"end":{"line":75,"column":11}},"44":{"start":{"line":73,"column":12},"end":{"line":73,"column":null}},"45":{"start":{"line":74,"column":12},"end":{"line":74,"column":null}},"46":{"start":{"line":78,"column":8},"end":{"line":85,"column":9}},"47":{"start":{"line":79,"column":26},"end":{"line":79,"column":50}},"48":{"start":{"line":80,"column":10},"end":{"line":80,"column":null}},"49":{"start":{"line":81,"column":10},"end":{"line":81,"column":null}},"50":{"start":{"line":82,"column":10},"end":{"line":82,"column":null}},"51":{"start":{"line":84,"column":10},"end":{"line":84,"column":null}},"52":{"start":{"line":88,"column":6},"end":{"line":114,"column":null}},"53":{"start":{"line":89,"column":8},"end":{"line":89,"column":null}},"54":{"start":{"line":90,"column":8},"end":{"line":90,"column":null}},"55":{"start":{"line":92,"column":8},"end":{"line":95,"column":9}},"56":{"start":{"line":93,"column":10},"end":{"line":93,"column":null}},"57":{"start":{"line":94,"column":10},"end":{"line":94,"column":16}},"58":{"start":{"line":97,"column":8},"end":{"line":99,"column":9}},"59":{"start":{"line":98,"column":10},"end":{"line":98,"column":16}},"60":{"start":{"line":101,"column":8},"end":{"line":111,"column":9}},"61":{"start":{"line":103,"column":10},"end":{"line":103,"column":null}},"62":{"start":{"line":104,"column":10},"end":{"line":104,"column":null}},"63":{"start":{"line":105,"column":15},"end":{"line":111,"column":9}},"64":{"start":{"line":106,"column":10},"end":{"line":106,"column":null}},"65":{"start":{"line":107,"column":15},"end":{"line":111,"column":9}},"66":{"start":{"line":108,"column":10},"end":{"line":108,"column":null}},"67":{"start":{"line":110,"column":10},"end":{"line":110,"column":null}},"68":{"start":{"line":113,"column":8},"end":{"line":113,"column":null}},"69":{"start":{"line":116,"column":6},"end":{"line":120,"column":null}},"70":{"start":{"line":117,"column":8},"end":{"line":117,"column":null}},"71":{"start":{"line":118,"column":8},"end":{"line":118,"column":null}},"72":{"start":{"line":119,"column":8},"end":{"line":119,"column":null}},"73":{"start":{"line":122,"column":6},"end":{"line":127,"column":null}},"74":{"start":{"line":123,"column":8},"end":{"line":123,"column":null}},"75":{"start":{"line":124,"column":8},"end":{"line":124,"column":null}},"76":{"start":{"line":125,"column":8},"end":{"line":125,"column":null}},"77":{"start":{"line":126,"column":8},"end":{"line":126,"column":null}},"78":{"start":{"line":129,"column":6},"end":{"line":131,"column":null}},"79":{"start":{"line":130,"column":8},"end":{"line":130,"column":null}},"80":{"start":{"line":133,"column":6},"end":{"line":135,"column":null}},"81":{"start":{"line":134,"column":8},"end":{"line":134,"column":null}},"82":{"start":{"line":137,"column":6},"end":{"line":139,"column":null}},"83":{"start":{"line":138,"column":8},"end":{"line":138,"column":null}},"84":{"start":{"line":141,"column":6},"end":{"line":143,"column":null}},"85":{"start":{"line":142,"column":8},"end":{"line":142,"column":null}},"86":{"start":{"line":145,"column":6},"end":{"line":147,"column":null}},"87":{"start":{"line":146,"column":8},"end":{"line":146,"column":null}},"88":{"start":{"line":149,"column":6},"end":{"line":149,"column":null}},"89":{"start":{"line":150,"column":6},"end":{"line":150,"column":null}},"90":{"start":{"line":153,"column":6},"end":{"line":153,"column":null}},"91":{"start":{"line":154,"column":6},"end":{"line":154,"column":null}},"92":{"start":{"line":157,"column":4},"end":{"line":166,"column":null}},"93":{"start":{"line":158,"column":6},"end":{"line":165,"column":7}},"94":{"start":{"line":159,"column":8},"end":{"line":163,"column":9}},"95":{"start":{"line":160,"column":10},"end":{"line":160,"column":null}},"96":{"start":{"line":164,"column":8},"end":{"line":164,"column":null}},"97":{"start":{"line":169,"column":25},"end":{"line":202,"column":19}},"98":{"start":{"line":170,"column":4},"end":{"line":170,"column":null}},"99":{"start":{"line":172,"column":4},"end":{"line":175,"column":5}},"100":{"start":{"line":173,"column":6},"end":{"line":173,"column":null}},"101":{"start":{"line":174,"column":6},"end":{"line":174,"column":12}},"102":{"start":{"line":177,"column":4},"end":{"line":179,"column":5}},"103":{"start":{"line":178,"column":6},"end":{"line":178,"column":12}},"104":{"start":{"line":181,"column":4},"end":{"line":181,"column":null}},"105":{"start":{"line":182,"column":4},"end":{"line":182,"column":null}},"106":{"start":{"line":185,"column":4},"end":{"line":201,"column":13}},"107":{"start":{"line":186,"column":6},"end":{"line":189,"column":7}},"108":{"start":{"line":187,"column":8},"end":{"line":187,"column":null}},"109":{"start":{"line":188,"column":8},"end":{"line":188,"column":14}},"110":{"start":{"line":191,"column":6},"end":{"line":200,"column":7}},"111":{"start":{"line":192,"column":8},"end":{"line":192,"column":null}},"112":{"start":{"line":193,"column":8},"end":{"line":193,"column":null}},"113":{"start":{"line":194,"column":8},"end":{"line":194,"column":null}},"114":{"start":{"line":196,"column":8},"end":{"line":196,"column":null}},"115":{"start":{"line":197,"column":8},"end":{"line":197,"column":null}},"116":{"start":{"line":198,"column":8},"end":{"line":198,"column":null}},"117":{"start":{"line":199,"column":8},"end":{"line":199,"column":null}},"118":{"start":{"line":204,"column":24},"end":{"line":217,"column":19}},"119":{"start":{"line":205,"column":4},"end":{"line":205,"column":null}},"120":{"start":{"line":207,"column":4},"end":{"line":209,"column":5}},"121":{"start":{"line":208,"column":6},"end":{"line":208,"column":12}},"122":{"start":{"line":211,"column":4},"end":{"line":216,"column":5}},"123":{"start":{"line":212,"column":6},"end":{"line":212,"column":null}},"124":{"start":{"line":214,"column":6},"end":{"line":214,"column":null}},"125":{"start":{"line":215,"column":6},"end":{"line":215,"column":null}},"126":{"start":{"line":219,"column":26},"end":{"line":223,"column":8}},"127":{"start":{"line":220,"column":4},"end":{"line":220,"column":null}},"128":{"start":{"line":221,"column":4},"end":{"line":221,"column":null}},"129":{"start":{"line":222,"column":4},"end":{"line":222,"column":null}},"130":{"start":{"line":225,"column":2},"end":{"line":234,"column":null}}},"fnMap":{"0":{"name":"useVoiceRecognition","decl":{"start":{"line":14,"column":16},"end":{"line":14,"column":35}},"loc":{"start":{"line":14,"column":35},"end":{"line":235,"column":1}}},"1":{"name":"(anonymous_1)","decl":{"start":{"line":26,"column":12},"end":{"line":26,"column":15}},"loc":{"start":{"line":26,"column":17},"end":{"line":167,"column":3}}},"2":{"name":"(anonymous_2)","decl":{"start":{"line":48,"column":36},"end":{"line":48,"column":39}},"loc":{"start":{"line":48,"column":41},"end":{"line":56,"column":7}}},"3":{"name":"(anonymous_3)","decl":{"start":{"line":58,"column":37},"end":{"line":58,"column":38}},"loc":{"start":{"line":58,"column":52},"end":{"line":86,"column":7}}},"4":{"name":"(anonymous_4)","decl":{"start":{"line":88,"column":36},"end":{"line":88,"column":37}},"loc":{"start":{"line":88,"column":51},"end":{"line":114,"column":7}}},"5":{"name":"(anonymous_5)","decl":{"start":{"line":116,"column":34},"end":{"line":116,"column":37}},"loc":{"start":{"line":116,"column":39},"end":{"line":120,"column":7}}},"6":{"name":"(anonymous_6)","decl":{"start":{"line":122,"column":42},"end":{"line":122,"column":45}},"loc":{"start":{"line":122,"column":47},"end":{"line":127,"column":7}}},"7":{"name":"(anonymous_7)","decl":{"start":{"line":129,"column":40},"end":{"line":129,"column":43}},"loc":{"start":{"line":129,"column":45},"end":{"line":131,"column":7}}},"8":{"name":"(anonymous_8)","decl":{"start":{"line":133,"column":41},"end":{"line":133,"column":44}},"loc":{"start":{"line":133,"column":46},"end":{"line":135,"column":7}}},"9":{"name":"(anonymous_9)","decl":{"start":{"line":137,"column":39},"end":{"line":137,"column":42}},"loc":{"start":{"line":137,"column":44},"end":{"line":139,"column":7}}},"10":{"name":"(anonymous_10)","decl":{"start":{"line":141,"column":41},"end":{"line":141,"column":44}},"loc":{"start":{"line":141,"column":46},"end":{"line":143,"column":7}}},"11":{"name":"(anonymous_11)","decl":{"start":{"line":145,"column":39},"end":{"line":145,"column":42}},"loc":{"start":{"line":145,"column":44},"end":{"line":147,"column":7}}},"12":{"name":"(anonymous_12)","decl":{"start":{"line":157,"column":11},"end":{"line":157,"column":14}},"loc":{"start":{"line":157,"column":16},"end":{"line":166,"column":5}}},"13":{"name":"(anonymous_13)","decl":{"start":{"line":169,"column":37},"end":{"line":169,"column":40}},"loc":{"start":{"line":169,"column":42},"end":{"line":202,"column":3}}},"14":{"name":"(anonymous_14)","decl":{"start":{"line":185,"column":15},"end":{"line":185,"column":18}},"loc":{"start":{"line":185,"column":20},"end":{"line":201,"column":5}}},"15":{"name":"(anonymous_15)","decl":{"start":{"line":204,"column":36},"end":{"line":204,"column":39}},"loc":{"start":{"line":204,"column":41},"end":{"line":217,"column":3}}},"16":{"name":"(anonymous_16)","decl":{"start":{"line":219,"column":38},"end":{"line":219,"column":41}},"loc":{"start":{"line":219,"column":43},"end":{"line":223,"column":3}}}},"branchMap":{"0":{"loc":{"start":{"line":23,"column":20},"end":{"line":24,"column":74}},"type":"binary-expr","locations":[{"start":{"line":23,"column":20},"end":{"line":23,"column":49}},{"start":{"line":24,"column":5},"end":{"line":24,"column":34}},{"start":{"line":24,"column":38},"end":{"line":24,"column":73}}]},"1":{"loc":{"start":{"line":27,"column":4},"end":{"line":30,"column":5}},"type":"if","locations":[{"start":{"line":27,"column":4},"end":{"line":30,"column":5}}]},"2":{"loc":{"start":{"line":34,"column":4},"end":{"line":36,"column":5}},"type":"if","locations":[{"start":{"line":34,"column":4},"end":{"line":36,"column":5}}]},"3":{"loc":{"start":{"line":39,"column":33},"end":{"line":39,"column":108}},"type":"binary-expr","locations":[{"start":{"line":39,"column":33},"end":{"line":39,"column":65}},{"start":{"line":39,"column":70},"end":{"line":39,"column":108}}]},"4":{"loc":{"start":{"line":72,"column":10},"end":{"line":75,"column":11}},"type":"if","locations":[{"start":{"line":72,"column":10},"end":{"line":75,"column":11}}]},"5":{"loc":{"start":{"line":78,"column":8},"end":{"line":85,"column":9}},"type":"if","locations":[{"start":{"line":78,"column":8},"end":{"line":85,"column":9}},{"start":{"line":83,"column":15},"end":{"line":85,"column":9}}]},"6":{"loc":{"start":{"line":81,"column":65},"end":{"line":81,"column":95}},"type":"cond-expr","locations":[{"start":{"line":81,"column":76},"end":{"line":81,"column":83}},{"start":{"line":81,"column":86},"end":{"line":81,"column":95}}]},"7":{"loc":{"start":{"line":92,"column":8},"end":{"line":95,"column":9}},"type":"if","locations":[{"start":{"line":92,"column":8},"end":{"line":95,"column":9}}]},"8":{"loc":{"start":{"line":92,"column":12},"end":{"line":92,"column":92}},"type":"binary-expr","locations":[{"start":{"line":92,"column":12},"end":{"line":92,"column":32}},{"start":{"line":92,"column":37},"end":{"line":92,"column":62}},{"start":{"line":92,"column":66},"end":{"line":92,"column":91}}]},"9":{"loc":{"start":{"line":97,"column":8},"end":{"line":99,"column":9}},"type":"if","locations":[{"start":{"line":97,"column":8},"end":{"line":99,"column":9}}]},"10":{"loc":{"start":{"line":101,"column":8},"end":{"line":111,"column":9}},"type":"if","locations":[{"start":{"line":101,"column":8},"end":{"line":111,"column":9}},{"start":{"line":105,"column":15},"end":{"line":111,"column":9}}]},"11":{"loc":{"start":{"line":105,"column":15},"end":{"line":111,"column":9}},"type":"if","locations":[{"start":{"line":105,"column":15},"end":{"line":111,"column":9}},{"start":{"line":107,"column":15},"end":{"line":111,"column":9}}]},"12":{"loc":{"start":{"line":107,"column":15},"end":{"line":111,"column":9}},"type":"if","locations":[{"start":{"line":107,"column":15},"end":{"line":111,"column":9}},{"start":{"line":109,"column":15},"end":{"line":111,"column":9}}]},"13":{"loc":{"start":{"line":158,"column":6},"end":{"line":165,"column":7}},"type":"if","locations":[{"start":{"line":158,"column":6},"end":{"line":165,"column":7}}]},"14":{"loc":{"start":{"line":172,"column":4},"end":{"line":175,"column":5}},"type":"if","locations":[{"start":{"line":172,"column":4},"end":{"line":175,"column":5}}]},"15":{"loc":{"start":{"line":177,"column":4},"end":{"line":179,"column":5}},"type":"if","locations":[{"start":{"line":177,"column":4},"end":{"line":179,"column":5}}]},"16":{"loc":{"start":{"line":177,"column":8},"end":{"line":177,"column":44}},"type":"binary-expr","locations":[{"start":{"line":177,"column":8},"end":{"line":177,"column":19}},{"start":{"line":177,"column":23},"end":{"line":177,"column":44}}]},"17":{"loc":{"start":{"line":186,"column":6},"end":{"line":189,"column":7}},"type":"if","locations":[{"start":{"line":186,"column":6},"end":{"line":189,"column":7}}]},"18":{"loc":{"start":{"line":207,"column":4},"end":{"line":209,"column":5}},"type":"if","locations":[{"start":{"line":207,"column":4},"end":{"line":209,"column":5}}]},"19":{"loc":{"start":{"line":207,"column":8},"end":{"line":207,"column":47}},"type":"binary-expr","locations":[{"start":{"line":207,"column":8},"end":{"line":207,"column":31}},{"start":{"line":207,"column":35},"end":{"line":207,"column":47}}]}},"s":{"0":1,"1":1,"2":2,"3":2,"4":2,"5":2,"6":2,"7":2,"8":2,"9":2,"10":2,"11":2,"12":0,"13":0,"14":2,"15":2,"16":0,"17":2,"18":2,"19":2,"20":2,"21":2,"22":2,"23":2,"24":2,"25":0,"26":0,"27":0,"28":0,"29":0,"30":0,"31":0,"32":2,"33":0,"34":0,"35":0,"36":0,"37":0,"38":0,"39":0,"40":0,"41":0,"42":0,"43":0,"44":0,"45":0,"46":0,"47":0,"48":0,"49":0,"50":0,"51":0,"52":2,"53":0,"54":0,"55":0,"56":0,"57":0,"58":0,"59":0,"60":0,"61":0,"62":0,"63":0,"64":0,"65":0,"66":0,"67":0,"68":0,"69":2,"70":0,"71":0,"72":0,"73":2,"74":0,"75":0,"76":0,"77":0,"78":2,"79":0,"80":2,"81":0,"82":2,"83":0,"84":2,"85":0,"86":2,"87":0,"88":2,"89":2,"90":0,"91":0,"92":2,"93":2,"94":2,"95":2,"96":2,"97":2,"98":0,"99":0,"100":0,"101":0,"102":0,"103":0,"104":0,"105":0,"106":0,"107":0,"108":0,"109":0,"110":0,"111":0,"112":0,"113":0,"114":0,"115":0,"116":0,"117":0,"118":2,"119":0,"120":0,"121":0,"122":0,"123":0,"124":0,"125":0,"126":2,"127":0,"128":0,"129":0,"130":2},"f":{"0":2,"1":2,"2":0,"3":0,"4":0,"5":0,"6":0,"7":0,"8":0,"9":0,"10":0,"11":0,"12":2,"13":0,"14":0,"15":0,"16":0},"b":{"0":[2,2,0],"1":[0],"2":[0],"3":[2,0],"4":[0],"5":[0,0],"6":[0,0],"7":[0],"8":[0,0,0],"9":[0],"10":[0,0],"11":[0,0],"12":[0,0],"13":[2],"14":[0],"15":[0],"16":[0,0],"17":[0],"18":[0],"19":[0,0]}}
}
