TN:
SF:src\Interface\app.tsx
FN:11,App
FN:14,(anonymous_2)
FN:18,(anonymous_3)
FN:22,(anonymous_4)
FNF:4
FNH:2
FNDA:2,App
FNDA:0,(anonymous_2)
FNDA:0,(anonymous_3)
FNDA:2,(anonymous_4)
DA:1,1
DA:2,1
DA:3,1
DA:4,1
DA:5,1
DA:6,1
DA:7,1
DA:9,1
DA:12,2
DA:14,2
DA:15,0
DA:18,2
DA:22,2
DA:23,2
DA:25,2
DA:27,0
DA:29,0
DA:31,0
DA:33,0
DA:37,2
DA:77,1
LF:21
LH:16
BRDA:23,0,0,2
BRDA:23,0,1,0
BRDA:23,0,2,0
BRDA:23,0,3,0
BRDA:23,0,4,0
BRF:5
BRH:1
end_of_record
TN:
SF:src\Interface\main.tsx
FNF:0
FNH:0
DA:1,0
DA:2,0
DA:3,0
DA:4,0
DA:6,0
LF:5
LH:0
BRF:0
BRH:0
end_of_record
TN:
SF:src\Interface\tasksContext.tsx
FN:25,TasksProvider
FN:61,(anonymous_10)
FN:68,(anonymous_11)
FN:71,(anonymous_12)
FN:72,(anonymous_13)
FN:72,(anonymous_14)
FN:77,(anonymous_15)
FN:78,(anonymous_16)
FN:78,(anonymous_17)
FN:81,(anonymous_18)
FN:82,(anonymous_19)
FN:82,(anonymous_20)
FN:94,useTasks
FNF:13
FNH:13
FNDA:37,TasksProvider
FNDA:6,(anonymous_10)
FNDA:6,(anonymous_11)
FNDA:1,(anonymous_12)
FNDA:1,(anonymous_13)
FNDA:3,(anonymous_14)
FNDA:2,(anonymous_15)
FNDA:2,(anonymous_16)
FNDA:6,(anonymous_17)
FNDA:2,(anonymous_18)
FNDA:2,(anonymous_19)
FNDA:6,(anonymous_20)
FNDA:60,useTasks
DA:1,4
DA:23,4
DA:25,4
DA:26,37
DA:61,37
DA:62,6
DA:68,6
DA:71,37
DA:72,1
DA:73,3
DA:77,37
DA:78,6
DA:81,37
DA:82,2
DA:83,6
DA:87,37
DA:94,4
DA:95,60
DA:96,60
DA:97,4
DA:99,56
LF:21
LH:21
BRDA:73,0,0,1
BRDA:73,0,1,2
BRDA:83,1,0,2
BRDA:83,1,1,4
BRDA:96,2,0,4
BRF:5
BRH:5
end_of_record
TN:
SF:src\Interface\Components\calendar.tsx
FN:31,Calendar
FN:39,(anonymous_1)
FN:40,(anonymous_2)
FN:52,(anonymous_3)
FN:67,(anonymous_4)
FN:68,(anonymous_5)
FN:82,(anonymous_6)
FN:83,(anonymous_7)
FN:105,(anonymous_8)
FNF:9
FNH:4
FNDA:3,Calendar
FNDA:9,(anonymous_1)
FNDA:6,(anonymous_2)
FNDA:0,(anonymous_3)
FNDA:0,(anonymous_4)
FNDA:0,(anonymous_5)
FNDA:0,(anonymous_6)
FNDA:0,(anonymous_7)
FNDA:9,(anonymous_8)
DA:1,2
DA:2,2
DA:3,2
DA:4,2
DA:5,2
DA:6,2
DA:7,2
DA:10,2
DA:14,2
DA:31,2
DA:32,3
DA:34,3
DA:35,3
DA:38,3
DA:39,9
DA:40,6
DA:51,3
DA:53,0
DA:54,0
DA:55,0
DA:67,3
DA:68,0
DA:69,0
DA:71,0
DA:75,0
DA:76,0
DA:77,0
DA:82,3
DA:83,0
DA:84,0
DA:95,0
DA:98,3
DA:105,9
LF:33
LH:21
BRDA:46,0,0,6
BRDA:46,0,1,0
BRDA:47,1,0,0
BRDA:47,1,1,0
BRDA:48,2,0,0
BRDA:48,2,1,0
BRDA:54,3,0,0
BRDA:69,4,0,0
BRDA:71,5,0,0
BRDA:71,5,1,0
BRDA:76,6,0,0
BRDA:85,7,0,0
BRDA:85,7,1,0
BRDA:87,8,0,0
BRDA:87,8,1,0
BRDA:93,9,0,0
BRDA:93,9,1,0
BRF:17
BRH:1
end_of_record
TN:
SF:src\Interface\Components\memoryBank.tsx
FN:14,MemoryBank
FN:40,(anonymous_1)
FN:53,(anonymous_2)
FN:63,(anonymous_3)
FN:71,(anonymous_4)
FN:79,(anonymous_5)
FN:87,(anonymous_6)
FN:99,(anonymous_7)
FN:106,(anonymous_8)
FN:107,(anonymous_9)
FN:112,(anonymous_10)
FN:113,(anonymous_11)
FN:117,(anonymous_12)
FN:125,(anonymous_13)
FN:133,(anonymous_14)
FN:141,(anonymous_15)
FN:168,(anonymous_16)
FN:184,(anonymous_17)
FN:217,(anonymous_18)
FN:259,(anonymous_19)
FN:288,(anonymous_20)
FN:300,(anonymous_21)
FNF:22
FNH:19
FNDA:18,MemoryBank
FNDA:2,(anonymous_1)
FNDA:2,(anonymous_2)
FNDA:18,(anonymous_3)
FNDA:0,(anonymous_4)
FNDA:18,(anonymous_5)
FNDA:18,(anonymous_6)
FNDA:0,(anonymous_7)
FNDA:1,(anonymous_8)
FNDA:2,(anonymous_9)
FNDA:1,(anonymous_10)
FNDA:2,(anonymous_11)
FNDA:2,(anonymous_12)
FNDA:37,(anonymous_13)
FNDA:20,(anonymous_14)
FNDA:37,(anonymous_15)
FNDA:1,(anonymous_16)
FNDA:0,(anonymous_17)
FNDA:2,(anonymous_18)
FNDA:36,(anonymous_19)
FNDA:1,(anonymous_20)
FNDA:1,(anonymous_21)
DA:1,2
DA:2,2
DA:3,2
DA:4,2
DA:14,2
DA:15,18
DA:32,18
DA:33,18
DA:35,18
DA:36,18
DA:37,18
DA:38,18
DA:40,18
DA:41,2
DA:42,2
DA:44,2
DA:52,2
DA:53,2
DA:54,2
DA:57,2
DA:58,2
DA:63,18
DA:64,18
DA:65,0
DA:67,0
DA:68,0
DA:71,0
DA:72,0
DA:73,0
DA:74,0
DA:79,18
DA:80,18
DA:81,0
DA:87,18
DA:88,18
DA:89,0
DA:91,0
DA:93,0
DA:95,0
DA:96,0
DA:97,0
DA:99,0
DA:103,18
DA:106,18
DA:107,1
DA:108,2
DA:112,18
DA:113,2
DA:117,18
DA:118,2
DA:119,2
DA:120,2
DA:124,18
DA:127,37
DA:128,1
DA:131,36
DA:135,20
DA:136,18
DA:138,3
DA:141,37
DA:142,18
DA:144,18
DA:168,1
DA:185,0
DA:186,0
DA:187,0
DA:217,2
DA:260,36
DA:288,1
DA:300,1
LF:70
LH:52
BRDA:41,0,0,2
BRDA:41,0,1,2
BRDA:42,1,0,0
BRDA:57,2,0,2
BRDA:64,3,0,0
BRDA:64,4,0,18
BRDA:64,4,1,0
BRDA:67,5,0,0
BRDA:72,6,0,0
BRDA:80,7,0,0
BRDA:88,8,0,0
BRDA:88,9,0,18
BRDA:88,9,1,0
BRDA:88,9,2,0
BRDA:93,10,0,0
BRDA:108,11,0,1
BRDA:108,11,1,1
BRDA:127,12,0,1
BRDA:127,13,0,37
BRDA:127,13,1,2
BRDA:135,14,0,2
BRDA:135,15,0,20
BRDA:135,15,1,3
BRDA:136,16,0,15
BRDA:136,17,0,18
BRDA:136,17,1,17
BRDA:153,18,0,18
BRDA:153,18,1,17
BRDA:185,19,0,0
BRDA:185,20,0,0
BRDA:185,20,1,0
BRDA:190,21,0,0
BRDA:190,21,1,18
BRDA:198,22,0,18
BRDA:198,22,1,18
BRDA:203,23,0,0
BRDA:203,23,1,18
BRDA:207,24,0,0
BRDA:207,24,1,18
BRDA:209,25,0,0
BRDA:209,25,1,18
BRDA:211,26,0,0
BRDA:211,26,1,18
BRDA:228,27,0,18
BRDA:228,27,1,0
BRDA:234,28,0,18
BRDA:234,28,1,0
BRDA:240,29,0,18
BRDA:240,29,1,0
BRDA:249,30,0,0
BRDA:249,30,1,18
BRDA:252,31,0,0
BRDA:252,31,1,0
BRDA:255,32,0,0
BRDA:255,32,1,0
BRDA:264,33,0,18
BRDA:264,33,1,18
BRDA:276,34,0,36
BRDA:276,34,1,18
BRDA:290,35,0,18
BRDA:290,35,1,18
BRDA:294,36,0,18
BRDA:294,36,1,18
BRDA:296,37,0,18
BRDA:296,37,1,18
BRF:65
BRH:39
end_of_record
TN:
SF:src\Interface\Components\shoppingList.tsx
FN:22,ShoppingList
FN:55,(anonymous_1)
FN:81,(anonymous_2)
FN:95,(anonymous_3)
FN:101,(anonymous_4)
FN:109,(anonymous_5)
FN:117,(anonymous_6)
FN:125,(anonymous_7)
FN:146,(anonymous_8)
FN:153,(anonymous_9)
FN:154,(anonymous_10)
FN:159,(anonymous_11)
FN:160,(anonymous_12)
FN:163,(anonymous_13)
FN:164,(anonymous_14)
FN:168,(anonymous_15)
FN:177,(anonymous_16)
FN:178,(anonymous_17)
FN:208,(anonymous_18)
FN:209,(anonymous_19)
FN:231,(anonymous_20)
FN:244,(anonymous_21)
FN:245,(anonymous_22)
FN:273,(anonymous_23)
FN:289,(anonymous_24)
FN:302,(anonymous_25)
FN:324,(anonymous_26)
FNF:27
FNH:15
FNDA:22,ShoppingList
FNDA:6,(anonymous_1)
FNDA:6,(anonymous_2)
FNDA:6,(anonymous_3)
FNDA:22,(anonymous_4)
FNDA:0,(anonymous_5)
FNDA:22,(anonymous_6)
FNDA:22,(anonymous_7)
FNDA:0,(anonymous_8)
FNDA:0,(anonymous_9)
FNDA:0,(anonymous_10)
FNDA:0,(anonymous_11)
FNDA:0,(anonymous_12)
FNDA:0,(anonymous_13)
FNDA:0,(anonymous_14)
FNDA:72,(anonymous_15)
FNDA:72,(anonymous_16)
FNDA:72,(anonymous_17)
FNDA:6,(anonymous_18)
FNDA:0,(anonymous_19)
FNDA:6,(anonymous_20)
FNDA:1,(anonymous_21)
FNDA:0,(anonymous_22)
FNDA:67,(anonymous_23)
FNDA:72,(anonymous_24)
FNDA:0,(anonymous_25)
FNDA:0,(anonymous_26)
DA:1,2
DA:2,2
DA:3,2
DA:14,2
DA:22,2
DA:23,22
DA:49,22
DA:50,22
DA:51,22
DA:52,22
DA:53,22
DA:55,22
DA:56,6
DA:59,6
DA:60,2
DA:64,4
DA:65,3
DA:69,1
DA:70,0
DA:74,1
DA:75,0
DA:78,1
DA:81,22
DA:82,6
DA:83,6
DA:85,6
DA:94,6
DA:95,6
DA:96,6
DA:97,6
DA:101,22
DA:102,22
DA:103,0
DA:105,0
DA:106,0
DA:109,0
DA:110,0
DA:111,0
DA:112,0
DA:117,22
DA:118,22
DA:119,0
DA:125,22
DA:126,22
DA:127,0
DA:129,0
DA:132,0
DA:133,0
DA:134,0
DA:135,0
DA:136,0
DA:140,0
DA:142,0
DA:143,0
DA:144,0
DA:146,0
DA:150,22
DA:153,22
DA:154,0
DA:155,0
DA:159,22
DA:160,0
DA:163,22
DA:164,0
DA:168,22
DA:169,72
DA:170,72
DA:171,67
DA:173,72
DA:174,72
DA:177,72
DA:178,72
DA:180,22
DA:208,6
DA:209,0
DA:231,6
DA:244,1
DA:245,0
DA:274,67
DA:276,67
DA:290,72
DA:302,0
DA:324,0
LF:83
LH:53
BRDA:59,0,0,2
BRDA:64,1,0,3
BRDA:69,2,0,0
BRDA:74,3,0,0
BRDA:82,4,0,6
BRDA:82,4,1,6
BRDA:83,5,0,0
BRDA:88,6,0,6
BRDA:88,6,1,6
BRDA:88,6,2,5
BRDA:102,7,0,0
BRDA:102,8,0,22
BRDA:102,8,1,0
BRDA:105,9,0,0
BRDA:110,10,0,0
BRDA:118,11,0,0
BRDA:126,12,0,0
BRDA:126,13,0,22
BRDA:126,13,1,0
BRDA:126,13,2,0
BRDA:134,14,0,0
BRDA:140,15,0,0
BRDA:155,16,0,0
BRDA:155,16,1,0
BRDA:169,17,0,72
BRDA:169,17,1,0
BRDA:170,18,0,67
BRDA:188,19,0,22
BRDA:188,19,1,0
BRDA:209,20,0,0
BRDA:209,20,1,0
BRDA:210,21,0,0
BRDA:210,21,1,22
BRDA:215,22,0,22
BRDA:215,22,1,22
BRDA:220,23,0,0
BRDA:220,23,1,22
BRDA:224,24,0,0
BRDA:224,24,1,22
BRDA:226,25,0,0
BRDA:226,25,1,22
BRDA:245,26,0,0
BRDA:245,26,1,0
BRDA:253,27,0,22
BRDA:253,27,1,0
BRDA:259,28,0,22
BRDA:259,28,1,0
BRDA:265,29,0,22
BRDA:265,29,1,0
BRDA:274,30,0,0
BRDA:293,31,0,0
BRDA:293,31,1,72
BRDA:298,32,0,72
BRDA:298,32,1,0
BRDA:304,33,0,0
BRDA:304,33,1,72
BRDA:309,34,0,72
BRDA:309,34,1,0
BRDA:313,35,0,0
BRDA:313,35,1,72
BRDA:316,36,0,72
BRDA:316,36,1,45
BRDA:337,37,0,22
BRDA:337,37,1,0
BRF:64
BRH:29
end_of_record
TN:
SF:src\Interface\Components\sidebar.tsx
FN:16,Sidebar
FN:19,(anonymous_1)
FN:26,(anonymous_2)
FNF:3
FNH:3
FNDA:7,Sidebar
FNDA:28,(anonymous_1)
FNDA:4,(anonymous_2)
DA:1,2
DA:9,2
DA:16,2
DA:17,7
DA:20,28
DA:21,28
DA:23,28
DA:26,4
LF:8
LH:8
BRDA:27,0,0,2
BRDA:27,0,1,26
BRDA:29,1,0,2
BRDA:29,1,1,26
BRDA:33,2,0,2
BRDA:33,2,1,26
BRF:6
BRH:6
end_of_record
TN:
SF:src\Interface\Components\taskItem.tsx
FN:11,TaskItem
FN:12,(anonymous_1)
FN:35,(anonymous_2)
FN:62,(anonymous_3)
FNF:4
FNH:4
FNDA:14,TaskItem
FNDA:14,(anonymous_1)
FNDA:1,(anonymous_2)
FNDA:1,(anonymous_3)
DA:1,2
DA:2,2
DA:11,2
DA:12,14
DA:13,14
DA:15,5
DA:17,2
DA:19,7
DA:23,14
DA:35,1
DA:62,1
LF:11
LH:11
BRDA:13,0,0,5
BRDA:13,0,1,2
BRDA:13,0,2,7
BRDA:24,1,0,1
BRDA:24,1,1,13
BRDA:26,2,0,14
BRDA:26,2,1,5
BRDA:26,2,2,5
BRDA:47,3,0,1
BRDA:47,3,1,13
BRDA:50,4,0,14
BRDA:50,4,1,3
BRDA:53,5,0,14
BRDA:53,5,1,4
BRF:14
BRH:14
end_of_record
TN:
SF:src\Interface\Components\todoList.tsx
FN:7,TodoList
FN:11,(anonymous_2)
FN:22,(anonymous_3)
FN:40,(anonymous_4)
FN:46,(anonymous_5)
FN:56,(anonymous_6)
FN:64,(anonymous_7)
FN:72,(anonymous_8)
FN:80,(anonymous_9)
FN:88,(anonymous_10)
FN:108,(anonymous_11)
FN:115,(anonymous_12)
FN:119,(anonymous_13)
FN:135,(anonymous_14)
FN:136,(anonymous_15)
FN:143,(anonymous_16)
FN:170,(anonymous_17)
FN:187,(anonymous_18)
FN:192,(anonymous_19)
FN:224,(anonymous_20)
FNF:20
FNH:16
FNDA:42,TodoList
FNDA:128,(anonymous_2)
FNDA:7,(anonymous_3)
FNDA:17,(anonymous_4)
FNDA:0,(anonymous_5)
FNDA:17,(anonymous_6)
FNDA:33,(anonymous_7)
FNDA:0,(anonymous_8)
FNDA:33,(anonymous_9)
FNDA:33,(anonymous_10)
FNDA:0,(anonymous_11)
FNDA:1,(anonymous_12)
FNDA:1,(anonymous_13)
FNDA:5,(anonymous_14)
FNDA:2,(anonymous_15)
FNDA:4,(anonymous_16)
FNDA:5,(anonymous_17)
FNDA:1,(anonymous_18)
FNDA:0,(anonymous_19)
FNDA:128,(anonymous_20)
DA:1,2
DA:2,2
DA:3,2
DA:4,2
DA:5,2
DA:7,2
DA:8,42
DA:11,128
DA:13,42
DA:14,42
DA:15,42
DA:16,42
DA:17,42
DA:18,42
DA:19,42
DA:20,42
DA:22,42
DA:23,7
DA:24,7
DA:26,4
DA:27,4
DA:34,4
DA:35,4
DA:36,4
DA:40,42
DA:41,17
DA:42,0
DA:43,0
DA:46,0
DA:47,0
DA:50,17
DA:51,0
DA:53,17
DA:56,17
DA:57,17
DA:58,0
DA:64,42
DA:65,33
DA:66,0
DA:68,0
DA:69,0
DA:72,0
DA:73,0
DA:74,0
DA:75,0
DA:80,33
DA:81,33
DA:82,0
DA:88,42
DA:89,33
DA:90,0
DA:92,0
DA:95,0
DA:96,0
DA:97,0
DA:98,0
DA:99,0
DA:103,0
DA:104,0
DA:105,0
DA:106,0
DA:108,0
DA:112,33
DA:115,42
DA:116,1
DA:119,42
DA:120,1
DA:123,42
DA:135,5
DA:136,2
DA:143,4
DA:170,5
DA:187,1
DA:193,0
DA:194,0
DA:225,128
LF:76
LH:48
BRDA:11,0,0,128
BRDA:11,0,1,0
BRDA:23,1,0,7
BRDA:23,1,1,7
BRDA:24,2,0,3
BRDA:31,3,0,1
BRDA:31,3,1,3
BRDA:41,4,0,0
BRDA:41,4,1,17
BRDA:42,5,0,0
BRDA:50,6,0,0
BRDA:57,7,0,0
BRDA:65,8,0,0
BRDA:65,9,0,33
BRDA:65,9,1,0
BRDA:68,10,0,0
BRDA:73,11,0,0
BRDA:81,12,0,0
BRDA:89,13,0,0
BRDA:89,14,0,33
BRDA:89,14,1,0
BRDA:89,14,2,0
BRDA:97,15,0,0
BRDA:103,16,0,0
BRDA:136,17,0,2
BRDA:136,17,1,2
BRDA:137,18,0,0
BRDA:137,18,1,42
BRDA:145,19,0,8
BRDA:145,19,1,34
BRDA:145,20,0,42
BRDA:145,20,1,34
BRDA:154,21,0,42
BRDA:154,21,1,42
BRDA:159,22,0,0
BRDA:159,22,1,42
BRDA:163,23,0,0
BRDA:163,23,1,42
BRDA:165,24,0,0
BRDA:165,24,1,42
BRDA:181,25,0,42
BRDA:181,25,1,8
BRDA:190,26,0,8
BRDA:190,26,1,2
BRDA:205,27,0,42
BRDA:205,27,1,0
BRDA:211,28,0,42
BRDA:211,28,1,0
BRDA:217,29,0,42
BRDA:217,29,1,0
BRF:50
BRH:28
end_of_record
